------------------------------------------------------------------------------------------------------------------------

[2014-10-19 08:39:30 #1 store] 
Database 'D:\projects\Ahorro\SAMMS\projects\SAMMS_MIG_REPOSITORIO\Proyectos_Auxiliares\SAMMS_ControlM\data\controlm.odb' is opened by 6588@jmpicadow7

[2014-10-19 08:42:38 #2 *] 
com.objectdb.o.UserException: Optimistic lock failed for object com.chema.persistencia.entidades.RelacionesJobsPK#18 (object has version 2 instead of 3)
	at com.objectdb.o.MSG.d(MSG.java:62)
	at com.objectdb.o.OBM.bV(OBM.java:1157)
	at com.objectdb.o.OBM.bN(OBM.java:859)
	at com.objectdb.o.OBM.bM(OBM.java:776)
	at com.objectdb.o.QRR.f(QRR.java:139)
	at com.objectdb.jpa.JpaQuery.getSingleResult(JpaQuery.java:747)
	at com.objectdb.o.ETI.getChildCount(ETI.java:82)
	at com.objectdb.o.RSI.ag(RSI.java:160)
	at com.objectdb.o.ETI.K(ETI.java:145)
	at com.objectdb.o.ITP.D(ITP.java:456)
	at com.objectdb.o.ITP.VA(ITP.java:340)
	at com.objectdb.o.RTR.VA(RTR.java:69)
	at com.objectdb.o.CMD.actionPerformed(CMD.java:470)
	at javax.swing.AbstractButton.fireActionPerformed(Unknown Source)
	at javax.swing.AbstractButton$Handler.actionPerformed(Unknown Source)
	at javax.swing.DefaultButtonModel.fireActionPerformed(Unknown Source)
	at javax.swing.DefaultButtonModel.setPressed(Unknown Source)
	at javax.swing.AbstractButton.doClick(Unknown Source)
	at javax.swing.plaf.basic.BasicMenuItemUI.doClick(Unknown Source)
	at javax.swing.plaf.basic.BasicMenuItemUI$Handler.mouseReleased(Unknown Source)
	at java.awt.Component.processMouseEvent(Unknown Source)
	at javax.swing.JComponent.processMouseEvent(Unknown Source)
	at java.awt.Component.processEvent(Unknown Source)
	at java.awt.Container.processEvent(Unknown Source)
	at java.awt.Component.dispatchEventImpl(Unknown Source)
	at java.awt.Container.dispatchEventImpl(Unknown Source)
	at java.awt.Component.dispatchEvent(Unknown Source)
	at java.awt.LightweightDispatcher.retargetMouseEvent(Unknown Source)
	at java.awt.LightweightDispatcher.processMouseEvent(Unknown Source)
	at java.awt.LightweightDispatcher.dispatchEvent(Unknown Source)
	at java.awt.Container.dispatchEventImpl(Unknown Source)
	at java.awt.Window.dispatchEventImpl(Unknown Source)
	at java.awt.Component.dispatchEvent(Unknown Source)
	at java.awt.EventQueue.dispatchEventImpl(Unknown Source)
	at java.awt.EventQueue.access$200(Unknown Source)
	at java.awt.EventQueue$3.run(Unknown Source)
	at java.awt.EventQueue$3.run(Unknown Source)
	at java.security.AccessController.doPrivileged(Native Method)
	at java.security.ProtectionDomain$1.doIntersectionPrivilege(Unknown Source)
	at java.security.ProtectionDomain$1.doIntersectionPrivilege(Unknown Source)
	at java.awt.EventQueue$4.run(Unknown Source)
	at java.awt.EventQueue$4.run(Unknown Source)
	at java.security.AccessController.doPrivileged(Native Method)
	at java.security.ProtectionDomain$1.doIntersectionPrivilege(Unknown Source)
	at java.awt.EventQueue.dispatchEvent(Unknown Source)
	at java.awt.EventDispatchThread.pumpOneEventForFilters(Unknown Source)
	at java.awt.EventDispatchThread.pumpEventsForFilter(Unknown Source)
	at java.awt.EventDispatchThread.pumpEventsForHierarchy(Unknown Source)
	at java.awt.EventDispatchThread.pumpEvents(Unknown Source)
	at java.awt.EventDispatchThread.pumpEvents(Unknown Source)
	at java.awt.EventDispatchThread.run(Unknown Source)

[2014-10-19 08:42:38 #3 *] 
java.lang.NullPointerException
	at com.objectdb.o.SFL.ae(SFL.java:873)
	at com.objectdb.o.MST.ae(MST.java:1435)
	at com.objectdb.o.MST.Vg(MST.java:1300)
	at com.objectdb.o.WRA.Vg(WRA.java:381)
	at com.objectdb.o.WSM.Vg(WSM.java:153)
	at com.objectdb.o.OBM.bQ(OBM.java:967)
	at com.objectdb.o.OBM.bN(OBM.java:840)
	at com.objectdb.o.OBM.bM(OBM.java:776)
	at com.objectdb.o.QRR.f(QRR.java:139)
	at com.objectdb.jpa.JpaQuery.getSingleResult(JpaQuery.java:747)
	at com.objectdb.o.ETI.getChildCount(ETI.java:82)
	at com.objectdb.o.ITL.getRowCount(ITL.java:74)
	at javax.swing.JTable.getRowCount(Unknown Source)
	at javax.swing.plaf.basic.BasicTableUI.paint(Unknown Source)
	at javax.swing.plaf.ComponentUI.update(Unknown Source)
	at javax.swing.JComponent.paintComponent(Unknown Source)
	at javax.swing.JComponent.paint(Unknown Source)
	at javax.swing.JComponent.paintChildren(Unknown Source)
	at javax.swing.JComponent.paint(Unknown Source)
	at javax.swing.JViewport.paint(Unknown Source)
	at javax.swing.JComponent.paintChildren(Unknown Source)
	at javax.swing.JComponent.paint(Unknown Source)
	at javax.swing.JComponent.paintChildren(Unknown Source)
	at javax.swing.JComponent.paint(Unknown Source)
	at javax.swing.JComponent.paintChildren(Unknown Source)
	at javax.swing.JComponent.paint(Unknown Source)
	at javax.swing.JViewport.paint(Unknown Source)
	at javax.swing.JComponent.paintChildren(Unknown Source)
	at javax.swing.JComponent.paint(Unknown Source)
	at javax.swing.JComponent.paintChildren(Unknown Source)
	at javax.swing.JComponent.paint(Unknown Source)
	at javax.swing.JComponent.paintChildren(Unknown Source)
	at javax.swing.JComponent.paint(Unknown Source)
	at javax.swing.JComponent.paintChildren(Unknown Source)
	at javax.swing.JComponent.paint(Unknown Source)
	at javax.swing.JLayeredPane.paint(Unknown Source)
	at javax.swing.JComponent.paintChildren(Unknown Source)
	at javax.swing.JComponent.paint(Unknown Source)
	at javax.swing.JComponent.paintChildren(Unknown Source)
	at javax.swing.JComponent.paint(Unknown Source)
	at javax.swing.JComponent.paintChildren(Unknown Source)
	at javax.swing.JComponent.paint(Unknown Source)
	at javax.swing.JLayeredPane.paint(Unknown Source)
	at javax.swing.JComponent.paintChildren(Unknown Source)
	at javax.swing.JSplitPane.paintChildren(Unknown Source)
	at javax.swing.JComponent.paint(Unknown Source)
	at javax.swing.JComponent.paintChildren(Unknown Source)
	at javax.swing.JComponent.paint(Unknown Source)
	at javax.swing.JComponent.paintChildren(Unknown Source)
	at javax.swing.JComponent.paint(Unknown Source)
	at javax.swing.JLayeredPane.paint(Unknown Source)
	at javax.swing.JComponent.paintChildren(Unknown Source)
	at javax.swing.JComponent.paint(Unknown Source)
	at javax.swing.JComponent.paintToOffscreen(Unknown Source)
	at javax.swing.RepaintManager$PaintManager.paintDoubleBuffered(Unknown Source)
	at javax.swing.RepaintManager$PaintManager.paint(Unknown Source)
	at javax.swing.RepaintManager.paint(Unknown Source)
	at javax.swing.JComponent._paintImmediately(Unknown Source)
	at javax.swing.JComponent.paintImmediately(Unknown Source)
	at javax.swing.RepaintManager$3.run(Unknown Source)
	at javax.swing.RepaintManager$3.run(Unknown Source)
	at java.security.AccessController.doPrivileged(Native Method)
	at java.security.ProtectionDomain$1.doIntersectionPrivilege(Unknown Source)
	at javax.swing.RepaintManager.paintDirtyRegions(Unknown Source)
	at javax.swing.RepaintManager.paintDirtyRegions(Unknown Source)
	at javax.swing.RepaintManager.prePaintDirtyRegions(Unknown Source)
	at javax.swing.RepaintManager.access$1100(Unknown Source)
	at javax.swing.RepaintManager$ProcessingRunnable.run(Unknown Source)
	at java.awt.event.InvocationEvent.dispatch(Unknown Source)
	at java.awt.EventQueue.dispatchEventImpl(Unknown Source)
	at java.awt.EventQueue.access$200(Unknown Source)
	at java.awt.EventQueue$3.run(Unknown Source)
	at java.awt.EventQueue$3.run(Unknown Source)
	at java.security.AccessController.doPrivileged(Native Method)
	at java.security.ProtectionDomain$1.doIntersectionPrivilege(Unknown Source)
	at java.awt.EventQueue.dispatchEvent(Unknown Source)
	at java.awt.EventDispatchThread.pumpOneEventForFilters(Unknown Source)
	at java.awt.EventDispatchThread.pumpEventsForFilter(Unknown Source)
	at java.awt.EventDispatchThread.pumpEventsForFilter(Unknown Source)
	at java.awt.WaitDispatchSupport$2.run(Unknown Source)
	at java.awt.WaitDispatchSupport$4.run(Unknown Source)
	at java.security.AccessController.doPrivileged(Native Method)
	at java.awt.WaitDispatchSupport.enter(Unknown Source)
	at java.awt.Dialog.show(Unknown Source)
	at javax.swing.JOptionPane.showOptionDialog(Unknown Source)
	at javax.swing.JOptionPane.showMessageDialog(Unknown Source)
	at javax.swing.JOptionPane.showMessageDialog(Unknown Source)
	at com.objectdb.o.EXA.q(EXA.java:276)
	at com.objectdb.o.EXA.q(EXA.java:265)
	at com.objectdb.o.CMD.actionPerformed(CMD.java:485)
	at javax.swing.AbstractButton.fireActionPerformed(Unknown Source)
	at javax.swing.AbstractButton$Handler.actionPerformed(Unknown Source)
	at javax.swing.DefaultButtonModel.fireActionPerformed(Unknown Source)
	at javax.swing.DefaultButtonModel.setPressed(Unknown Source)
	at javax.swing.AbstractButton.doClick(Unknown Source)
	at javax.swing.plaf.basic.BasicMenuItemUI.doClick(Unknown Source)
	at javax.swing.plaf.basic.BasicMenuItemUI$Handler.mouseReleased(Unknown Source)
	at java.awt.Component.processMouseEvent(Unknown Source)
	at javax.swing.JComponent.processMouseEvent(Unknown Source)
	at java.awt.Component.processEvent(Unknown Source)
	at java.awt.Container.processEvent(Unknown Source)
	at java.awt.Component.dispatchEventImpl(Unknown Source)
	at java.awt.Container.dispatchEventImpl(Unknown Source)
	at java.awt.Component.dispatchEvent(Unknown Source)
	at java.awt.LightweightDispatcher.retargetMouseEvent(Unknown Source)
	at java.awt.LightweightDispatcher.processMouseEvent(Unknown Source)
	at java.awt.LightweightDispatcher.dispatchEvent(Unknown Source)
	at java.awt.Container.dispatchEventImpl(Unknown Source)
	at java.awt.Window.dispatchEventImpl(Unknown Source)
	at java.awt.Component.dispatchEvent(Unknown Source)
	at java.awt.EventQueue.dispatchEventImpl(Unknown Source)
	at java.awt.EventQueue.access$200(Unknown Source)
	at java.awt.EventQueue$3.run(Unknown Source)
	at java.awt.EventQueue$3.run(Unknown Source)
	at java.security.AccessController.doPrivileged(Native Method)
	at java.security.ProtectionDomain$1.doIntersectionPrivilege(Unknown Source)
	at java.security.ProtectionDomain$1.doIntersectionPrivilege(Unknown Source)
	at java.awt.EventQueue$4.run(Unknown Source)
	at java.awt.EventQueue$4.run(Unknown Source)
	at java.security.AccessController.doPrivileged(Native Method)
	at java.security.ProtectionDomain$1.doIntersectionPrivilege(Unknown Source)
	at java.awt.EventQueue.dispatchEvent(Unknown Source)
	at java.awt.EventDispatchThread.pumpOneEventForFilters(Unknown Source)
	at java.awt.EventDispatchThread.pumpEventsForFilter(Unknown Source)
	at java.awt.EventDispatchThread.pumpEventsForHierarchy(Unknown Source)
	at java.awt.EventDispatchThread.pumpEvents(Unknown Source)
	at java.awt.EventDispatchThread.pumpEvents(Unknown Source)
	at java.awt.EventDispatchThread.run(Unknown Source)

[2014-10-19 08:42:43 #4 explorer] 
[ObjectDB 2.5.6_05] javax.persistence.OptimisticLockException
Optimistic lock failed for object com.chema.persistencia.entidades.RelacionesJobsPK#18 (object has version 2 instead of 3) (error 673)
	at javax.swing.AbstractButton.fireActionPerformed(Unknown Source)
	at javax.swing.AbstractButton$Handler.actionPerformed(Unknown Source)
	at javax.swing.DefaultButtonModel.fireActionPerformed(Unknown Source)
	at javax.swing.DefaultButtonModel.setPressed(Unknown Source)
	at javax.swing.AbstractButton.doClick(Unknown Source)
	at javax.swing.plaf.basic.BasicMenuItemUI.doClick(Unknown Source)
	at javax.swing.plaf.basic.BasicMenuItemUI$Handler.mouseReleased(Unknown Source)
	at java.awt.Component.processMouseEvent(Unknown Source)
	at javax.swing.JComponent.processMouseEvent(Unknown Source)
	at java.awt.Component.processEvent(Unknown Source)
	at java.awt.Container.processEvent(Unknown Source)
	at java.awt.Component.dispatchEventImpl(Unknown Source)
	at java.awt.Container.dispatchEventImpl(Unknown Source)
	at java.awt.Component.dispatchEvent(Unknown Source)
	at java.awt.LightweightDispatcher.retargetMouseEvent(Unknown Source)
	at java.awt.LightweightDispatcher.processMouseEvent(Unknown Source)
	at java.awt.LightweightDispatcher.dispatchEvent(Unknown Source)
	at java.awt.Container.dispatchEventImpl(Unknown Source)
	at java.awt.Window.dispatchEventImpl(Unknown Source)
	at java.awt.Component.dispatchEvent(Unknown Source)
	at java.awt.EventQueue.dispatchEventImpl(Unknown Source)
	at java.awt.EventQueue.access$200(Unknown Source)
	at java.awt.EventQueue$3.run(Unknown Source)
	at java.awt.EventQueue$3.run(Unknown Source)
	at java.security.AccessController.doPrivileged(Native Method)
	at java.security.ProtectionDomain$1.doIntersectionPrivilege(Unknown Source)
	at java.security.ProtectionDomain$1.doIntersectionPrivilege(Unknown Source)
	at java.awt.EventQueue$4.run(Unknown Source)
	at java.awt.EventQueue$4.run(Unknown Source)
	at java.security.AccessController.doPrivileged(Native Method)
	at java.security.ProtectionDomain$1.doIntersectionPrivilege(Unknown Source)
	at java.awt.EventQueue.dispatchEvent(Unknown Source)
	at java.awt.EventDispatchThread.pumpOneEventForFilters(Unknown Source)
	at java.awt.EventDispatchThread.pumpEventsForFilter(Unknown Source)
	at java.awt.EventDispatchThread.pumpEventsForHierarchy(Unknown Source)
	at java.awt.EventDispatchThread.pumpEvents(Unknown Source)
	at java.awt.EventDispatchThread.pumpEvents(Unknown Source)
	at java.awt.EventDispatchThread.run(Unknown Source)

[2014-10-19 08:42:43 #5 *] 
java.lang.NullPointerException
	at com.objectdb.o.SFL.ae(SFL.java:873)
	at com.objectdb.o.MST.ae(MST.java:1435)
	at com.objectdb.o.MST.Vg(MST.java:1300)
	at com.objectdb.o.WRA.Vg(WRA.java:381)
	at com.objectdb.o.WSM.Vg(WSM.java:153)
	at com.objectdb.o.OBM.bQ(OBM.java:967)
	at com.objectdb.o.OBM.bN(OBM.java:840)
	at com.objectdb.o.OBM.bM(OBM.java:776)
	at com.objectdb.o.QRR.f(QRR.java:139)
	at com.objectdb.jpa.JpaQuery.getSingleResult(JpaQuery.java:747)
	at com.objectdb.o.ETI.getChildCount(ETI.java:82)
	at com.objectdb.o.ITL.getRowCount(ITL.java:74)
	at javax.swing.JTable.getRowCount(Unknown Source)
	at javax.swing.JTable.getCellRect(Unknown Source)
	at javax.swing.JTable.removeEditor(Unknown Source)
	at javax.swing.JTable.editingStopped(Unknown Source)
	at javax.swing.AbstractCellEditor.fireEditingStopped(Unknown Source)
	at javax.swing.DefaultCellEditor$EditorDelegate.stopCellEditing(Unknown Source)
	at javax.swing.DefaultCellEditor.stopCellEditing(Unknown Source)
	at javax.swing.plaf.basic.BasicTableUI$Handler.mousePressed(Unknown Source)
	at java.awt.AWTEventMulticaster.mousePressed(Unknown Source)
	at java.awt.AWTEventMulticaster.mousePressed(Unknown Source)
	at java.awt.AWTEventMulticaster.mousePressed(Unknown Source)
	at java.awt.Component.processMouseEvent(Unknown Source)
	at javax.swing.JComponent.processMouseEvent(Unknown Source)
	at java.awt.Component.processEvent(Unknown Source)
	at java.awt.Container.processEvent(Unknown Source)
	at java.awt.Component.dispatchEventImpl(Unknown Source)
	at java.awt.Container.dispatchEventImpl(Unknown Source)
	at java.awt.Component.dispatchEvent(Unknown Source)
	at java.awt.LightweightDispatcher.retargetMouseEvent(Unknown Source)
	at java.awt.LightweightDispatcher.processMouseEvent(Unknown Source)
	at java.awt.LightweightDispatcher.dispatchEvent(Unknown Source)
	at java.awt.Container.dispatchEventImpl(Unknown Source)
	at java.awt.Window.dispatchEventImpl(Unknown Source)
	at java.awt.Component.dispatchEvent(Unknown Source)
	at java.awt.EventQueue.dispatchEventImpl(Unknown Source)
	at java.awt.EventQueue.access$200(Unknown Source)
	at java.awt.EventQueue$3.run(Unknown Source)
	at java.awt.EventQueue$3.run(Unknown Source)
	at java.security.AccessController.doPrivileged(Native Method)
	at java.security.ProtectionDomain$1.doIntersectionPrivilege(Unknown Source)
	at java.security.ProtectionDomain$1.doIntersectionPrivilege(Unknown Source)
	at java.awt.EventQueue$4.run(Unknown Source)
	at java.awt.EventQueue$4.run(Unknown Source)
	at java.security.AccessController.doPrivileged(Native Method)
	at java.security.ProtectionDomain$1.doIntersectionPrivilege(Unknown Source)
	at java.awt.EventQueue.dispatchEvent(Unknown Source)
	at java.awt.EventDispatchThread.pumpOneEventForFilters(Unknown Source)
	at java.awt.EventDispatchThread.pumpEventsForFilter(Unknown Source)
	at java.awt.EventDispatchThread.pumpEventsForHierarchy(Unknown Source)
	at java.awt.EventDispatchThread.pumpEvents(Unknown Source)
	at java.awt.EventDispatchThread.pumpEvents(Unknown Source)
	at java.awt.EventDispatchThread.run(Unknown Source)

[2014-10-19 08:42:43 #6 *] 
java.lang.NullPointerException
	at com.objectdb.o.SFL.ae(SFL.java:873)
	at com.objectdb.o.MST.ae(MST.java:1435)
	at com.objectdb.o.MST.Vg(MST.java:1300)
	at com.objectdb.o.WRA.Vg(WRA.java:381)
	at com.objectdb.o.WSM.Vg(WSM.java:153)
	at com.objectdb.o.OBM.bQ(OBM.java:967)
	at com.objectdb.o.OBM.bN(OBM.java:840)
	at com.objectdb.o.OBM.bM(OBM.java:776)
	at com.objectdb.o.QRR.f(QRR.java:139)
	at com.objectdb.jpa.JpaQuery.getSingleResult(JpaQuery.java:747)
	at com.objectdb.o.ETI.getChildCount(ETI.java:82)
	at com.objectdb.o.ITL.getRowCount(ITL.java:74)
	at javax.swing.JTable.getRowCount(Unknown Source)
	at javax.swing.plaf.basic.BasicTableUI.getAdjustedLead(Unknown Source)
	at javax.swing.plaf.basic.BasicTableUI.getAdjustedLead(Unknown Source)
	at javax.swing.plaf.basic.BasicTableUI.access$100(Unknown Source)
	at javax.swing.plaf.basic.BasicTableUI$Handler.repaintLeadCell(Unknown Source)
	at javax.swing.plaf.basic.BasicTableUI$Handler.focusGained(Unknown Source)
	at java.awt.AWTEventMulticaster.focusGained(Unknown Source)
	at java.awt.Component.processFocusEvent(Unknown Source)
	at java.awt.Component.processEvent(Unknown Source)
	at java.awt.Container.processEvent(Unknown Source)
	at java.awt.Component.dispatchEventImpl(Unknown Source)
	at java.awt.Container.dispatchEventImpl(Unknown Source)
	at java.awt.Component.dispatchEvent(Unknown Source)
	at java.awt.KeyboardFocusManager.redispatchEvent(Unknown Source)
	at java.awt.DefaultKeyboardFocusManager.typeAheadAssertions(Unknown Source)
	at java.awt.DefaultKeyboardFocusManager.dispatchEvent(Unknown Source)
	at java.awt.Component.dispatchEventImpl(Unknown Source)
	at java.awt.Container.dispatchEventImpl(Unknown Source)
	at java.awt.Component.dispatchEvent(Unknown Source)
	at java.awt.KeyboardFocusManager.dispatchAndCatchException(Unknown Source)
	at java.awt.KeyboardFocusManager.processCurrentLightweightRequests(Unknown Source)
	at java.awt.KeyboardFocusManager$2.run(Unknown Source)
	at java.awt.event.InvocationEvent.dispatch(Unknown Source)
	at java.awt.EventQueue.dispatchEventImpl(Unknown Source)
	at java.awt.EventQueue.access$200(Unknown Source)
	at java.awt.EventQueue$3.run(Unknown Source)
	at java.awt.EventQueue$3.run(Unknown Source)
	at java.security.AccessController.doPrivileged(Native Method)
	at java.security.ProtectionDomain$1.doIntersectionPrivilege(Unknown Source)
	at java.awt.EventQueue.dispatchEvent(Unknown Source)
	at java.awt.EventDispatchThread.pumpOneEventForFilters(Unknown Source)
	at java.awt.EventDispatchThread.pumpEventsForFilter(Unknown Source)
	at java.awt.EventDispatchThread.pumpEventsForHierarchy(Unknown Source)
	at java.awt.EventDispatchThread.pumpEvents(Unknown Source)
	at java.awt.EventDispatchThread.pumpEvents(Unknown Source)
	at java.awt.EventDispatchThread.run(Unknown Source)

[2014-10-19 08:42:44 #7 *] 
java.lang.NullPointerException
	at com.objectdb.o.SFL.ae(SFL.java:873)
	at com.objectdb.o.MST.ae(MST.java:1435)
	at com.objectdb.o.MST.Vg(MST.java:1300)
	at com.objectdb.o.WRA.Vg(WRA.java:381)
	at com.objectdb.o.WSM.Vg(WSM.java:153)
	at com.objectdb.o.OBM.bQ(OBM.java:967)
	at com.objectdb.o.OBM.bN(OBM.java:840)
	at com.objectdb.o.OBM.bM(OBM.java:776)
	at com.objectdb.o.QRR.f(QRR.java:139)
	at com.objectdb.jpa.JpaQuery.getSingleResult(JpaQuery.java:747)
	at com.objectdb.o.ETI.getChildCount(ETI.java:82)
	at com.objectdb.o.ITL.getRowCount(ITL.java:74)
	at javax.swing.JTable.getRowCount(Unknown Source)
	at javax.swing.JTable.rowAtPoint(Unknown Source)
	at javax.swing.plaf.basic.BasicTableUI$Handler.mousePressed(Unknown Source)
	at java.awt.AWTEventMulticaster.mousePressed(Unknown Source)
	at java.awt.AWTEventMulticaster.mousePressed(Unknown Source)
	at java.awt.AWTEventMulticaster.mousePressed(Unknown Source)
	at java.awt.Component.processMouseEvent(Unknown Source)
	at javax.swing.JComponent.processMouseEvent(Unknown Source)
	at java.awt.Component.processEvent(Unknown Source)
	at java.awt.Container.processEvent(Unknown Source)
	at java.awt.Component.dispatchEventImpl(Unknown Source)
	at java.awt.Container.dispatchEventImpl(Unknown Source)
	at java.awt.Component.dispatchEvent(Unknown Source)
	at java.awt.LightweightDispatcher.retargetMouseEvent(Unknown Source)
	at java.awt.LightweightDispatcher.processMouseEvent(Unknown Source)
	at java.awt.LightweightDispatcher.dispatchEvent(Unknown Source)
	at java.awt.Container.dispatchEventImpl(Unknown Source)
	at java.awt.Window.dispatchEventImpl(Unknown Source)
	at java.awt.Component.dispatchEvent(Unknown Source)
	at java.awt.EventQueue.dispatchEventImpl(Unknown Source)
	at java.awt.EventQueue.access$200(Unknown Source)
	at java.awt.EventQueue$3.run(Unknown Source)
	at java.awt.EventQueue$3.run(Unknown Source)
	at java.security.AccessController.doPrivileged(Native Method)
	at java.security.ProtectionDomain$1.doIntersectionPrivilege(Unknown Source)
	at java.security.ProtectionDomain$1.doIntersectionPrivilege(Unknown Source)
	at java.awt.EventQueue$4.run(Unknown Source)
	at java.awt.EventQueue$4.run(Unknown Source)
	at java.security.AccessController.doPrivileged(Native Method)
	at java.security.ProtectionDomain$1.doIntersectionPrivilege(Unknown Source)
	at java.awt.EventQueue.dispatchEvent(Unknown Source)
	at java.awt.EventDispatchThread.pumpOneEventForFilters(Unknown Source)
	at java.awt.EventDispatchThread.pumpEventsForFilter(Unknown Source)
	at java.awt.EventDispatchThread.pumpEventsForHierarchy(Unknown Source)
	at java.awt.EventDispatchThread.pumpEvents(Unknown Source)
	at java.awt.EventDispatchThread.pumpEvents(Unknown Source)
	at java.awt.EventDispatchThread.run(Unknown Source)

[2014-10-19 08:42:45 #8 *] 
java.lang.NullPointerException
	at com.objectdb.o.SFL.ae(SFL.java:873)
	at com.objectdb.o.MST.ae(MST.java:1435)
	at com.objectdb.o.MST.Vg(MST.java:1300)
	at com.objectdb.o.WRA.Vg(WRA.java:381)
	at com.objectdb.o.WSM.Vg(WSM.java:153)
	at com.objectdb.o.OBM.bQ(OBM.java:967)
	at com.objectdb.o.OBM.bN(OBM.java:840)
	at com.objectdb.o.OBM.bM(OBM.java:776)
	at com.objectdb.o.QRR.f(QRR.java:139)
	at com.objectdb.jpa.JpaQuery.getSingleResult(JpaQuery.java:747)
	at com.objectdb.o.ETI.getChildCount(ETI.java:82)
	at com.objectdb.o.ITL.getRowCount(ITL.java:74)
	at javax.swing.JTable.getRowCount(Unknown Source)
	at javax.swing.JTable.rowAtPoint(Unknown Source)
	at javax.swing.plaf.basic.BasicTableUI$Handler.mousePressed(Unknown Source)
	at java.awt.AWTEventMulticaster.mousePressed(Unknown Source)
	at java.awt.AWTEventMulticaster.mousePressed(Unknown Source)
	at java.awt.AWTEventMulticaster.mousePressed(Unknown Source)
	at java.awt.Component.processMouseEvent(Unknown Source)
	at javax.swing.JComponent.processMouseEvent(Unknown Source)
	at java.awt.Component.processEvent(Unknown Source)
	at java.awt.Container.processEvent(Unknown Source)
	at java.awt.Component.dispatchEventImpl(Unknown Source)
	at java.awt.Container.dispatchEventImpl(Unknown Source)
	at java.awt.Component.dispatchEvent(Unknown Source)
	at java.awt.LightweightDispatcher.retargetMouseEvent(Unknown Source)
	at java.awt.LightweightDispatcher.processMouseEvent(Unknown Source)
	at java.awt.LightweightDispatcher.dispatchEvent(Unknown Source)
	at java.awt.Container.dispatchEventImpl(Unknown Source)
	at java.awt.Window.dispatchEventImpl(Unknown Source)
	at java.awt.Component.dispatchEvent(Unknown Source)
	at java.awt.EventQueue.dispatchEventImpl(Unknown Source)
	at java.awt.EventQueue.access$200(Unknown Source)
	at java.awt.EventQueue$3.run(Unknown Source)
	at java.awt.EventQueue$3.run(Unknown Source)
	at java.security.AccessController.doPrivileged(Native Method)
	at java.security.ProtectionDomain$1.doIntersectionPrivilege(Unknown Source)
	at java.security.ProtectionDomain$1.doIntersectionPrivilege(Unknown Source)
	at java.awt.EventQueue$4.run(Unknown Source)
	at java.awt.EventQueue$4.run(Unknown Source)
	at java.security.AccessController.doPrivileged(Native Method)
	at java.security.ProtectionDomain$1.doIntersectionPrivilege(Unknown Source)
	at java.awt.EventQueue.dispatchEvent(Unknown Source)
	at java.awt.EventDispatchThread.pumpOneEventForFilters(Unknown Source)
	at java.awt.EventDispatchThread.pumpEventsForFilter(Unknown Source)
	at java.awt.EventDispatchThread.pumpEventsForHierarchy(Unknown Source)
	at java.awt.EventDispatchThread.pumpEvents(Unknown Source)
	at java.awt.EventDispatchThread.pumpEvents(Unknown Source)
	at java.awt.EventDispatchThread.run(Unknown Source)

[2014-10-19 08:42:45 #9 *] 
java.lang.NullPointerException
	at com.objectdb.o.SFL.ae(SFL.java:873)
	at com.objectdb.o.MST.ae(MST.java:1435)
	at com.objectdb.o.MST.Vg(MST.java:1300)
	at com.objectdb.o.WRA.Vg(WRA.java:381)
	at com.objectdb.o.WSM.Vg(WSM.java:153)
	at com.objectdb.o.OBM.bQ(OBM.java:967)
	at com.objectdb.o.OBM.bN(OBM.java:840)
	at com.objectdb.o.OBM.bM(OBM.java:776)
	at com.objectdb.o.QRR.f(QRR.java:139)
	at com.objectdb.jpa.JpaQuery.getSingleResult(JpaQuery.java:747)
	at com.objectdb.o.ETI.getChildCount(ETI.java:82)
	at com.objectdb.o.ITL.getRowCount(ITL.java:74)
	at javax.swing.JTable.getRowCount(Unknown Source)
	at javax.swing.JTable.rowAtPoint(Unknown Source)
	at javax.swing.plaf.basic.BasicTableUI$Handler.mousePressed(Unknown Source)
	at java.awt.AWTEventMulticaster.mousePressed(Unknown Source)
	at java.awt.AWTEventMulticaster.mousePressed(Unknown Source)
	at java.awt.AWTEventMulticaster.mousePressed(Unknown Source)
	at java.awt.Component.processMouseEvent(Unknown Source)
	at javax.swing.JComponent.processMouseEvent(Unknown Source)
	at java.awt.Component.processEvent(Unknown Source)
	at java.awt.Container.processEvent(Unknown Source)
	at java.awt.Component.dispatchEventImpl(Unknown Source)
	at java.awt.Container.dispatchEventImpl(Unknown Source)
	at java.awt.Component.dispatchEvent(Unknown Source)
	at java.awt.LightweightDispatcher.retargetMouseEvent(Unknown Source)
	at java.awt.LightweightDispatcher.processMouseEvent(Unknown Source)
	at java.awt.LightweightDispatcher.dispatchEvent(Unknown Source)
	at java.awt.Container.dispatchEventImpl(Unknown Source)
	at java.awt.Window.dispatchEventImpl(Unknown Source)
	at java.awt.Component.dispatchEvent(Unknown Source)
	at java.awt.EventQueue.dispatchEventImpl(Unknown Source)
	at java.awt.EventQueue.access$200(Unknown Source)
	at java.awt.EventQueue$3.run(Unknown Source)
	at java.awt.EventQueue$3.run(Unknown Source)
	at java.security.AccessController.doPrivileged(Native Method)
	at java.security.ProtectionDomain$1.doIntersectionPrivilege(Unknown Source)
	at java.security.ProtectionDomain$1.doIntersectionPrivilege(Unknown Source)
	at java.awt.EventQueue$4.run(Unknown Source)
	at java.awt.EventQueue$4.run(Unknown Source)
	at java.security.AccessController.doPrivileged(Native Method)
	at java.security.ProtectionDomain$1.doIntersectionPrivilege(Unknown Source)
	at java.awt.EventQueue.dispatchEvent(Unknown Source)
	at java.awt.EventDispatchThread.pumpOneEventForFilters(Unknown Source)
	at java.awt.EventDispatchThread.pumpEventsForFilter(Unknown Source)
	at java.awt.EventDispatchThread.pumpEventsForHierarchy(Unknown Source)
	at java.awt.EventDispatchThread.pumpEvents(Unknown Source)
	at java.awt.EventDispatchThread.pumpEvents(Unknown Source)
	at java.awt.EventDispatchThread.run(Unknown Source)

[2014-10-19 08:42:45 #10 *] 
java.lang.NullPointerException
	at com.objectdb.o.SFL.ae(SFL.java:873)
	at com.objectdb.o.MST.ae(MST.java:1435)
	at com.objectdb.o.MST.Vg(MST.java:1300)
	at com.objectdb.o.WRA.Vg(WRA.java:381)
	at com.objectdb.o.WSM.Vg(WSM.java:153)
	at com.objectdb.o.OBM.bQ(OBM.java:967)
	at com.objectdb.o.OBM.bN(OBM.java:840)
	at com.objectdb.o.OBM.bM(OBM.java:776)
	at com.objectdb.o.QRR.f(QRR.java:139)
	at com.objectdb.jpa.JpaQuery.getSingleResult(JpaQuery.java:747)
	at com.objectdb.o.ETI.getChildCount(ETI.java:82)
	at com.objectdb.o.ITL.getRowCount(ITL.java:74)
	at javax.swing.JTable.getRowCount(Unknown Source)
	at javax.swing.JTable.rowAtPoint(Unknown Source)
	at javax.swing.plaf.basic.BasicTableUI$Handler.mousePressed(Unknown Source)
	at java.awt.AWTEventMulticaster.mousePressed(Unknown Source)
	at java.awt.AWTEventMulticaster.mousePressed(Unknown Source)
	at java.awt.AWTEventMulticaster.mousePressed(Unknown Source)
	at java.awt.Component.processMouseEvent(Unknown Source)
	at javax.swing.JComponent.processMouseEvent(Unknown Source)
	at java.awt.Component.processEvent(Unknown Source)
	at java.awt.Container.processEvent(Unknown Source)
	at java.awt.Component.dispatchEventImpl(Unknown Source)
	at java.awt.Container.dispatchEventImpl(Unknown Source)
	at java.awt.Component.dispatchEvent(Unknown Source)
	at java.awt.LightweightDispatcher.retargetMouseEvent(Unknown Source)
	at java.awt.LightweightDispatcher.processMouseEvent(Unknown Source)
	at java.awt.LightweightDispatcher.dispatchEvent(Unknown Source)
	at java.awt.Container.dispatchEventImpl(Unknown Source)
	at java.awt.Window.dispatchEventImpl(Unknown Source)
	at java.awt.Component.dispatchEvent(Unknown Source)
	at java.awt.EventQueue.dispatchEventImpl(Unknown Source)
	at java.awt.EventQueue.access$200(Unknown Source)
	at java.awt.EventQueue$3.run(Unknown Source)
	at java.awt.EventQueue$3.run(Unknown Source)
	at java.security.AccessController.doPrivileged(Native Method)
	at java.security.ProtectionDomain$1.doIntersectionPrivilege(Unknown Source)
	at java.security.ProtectionDomain$1.doIntersectionPrivilege(Unknown Source)
	at java.awt.EventQueue$4.run(Unknown Source)
	at java.awt.EventQueue$4.run(Unknown Source)
	at java.security.AccessController.doPrivileged(Native Method)
	at java.security.ProtectionDomain$1.doIntersectionPrivilege(Unknown Source)
	at java.awt.EventQueue.dispatchEvent(Unknown Source)
	at java.awt.EventDispatchThread.pumpOneEventForFilters(Unknown Source)
	at java.awt.EventDispatchThread.pumpEventsForFilter(Unknown Source)
	at java.awt.EventDispatchThread.pumpEventsForHierarchy(Unknown Source)
	at java.awt.EventDispatchThread.pumpEvents(Unknown Source)
	at java.awt.EventDispatchThread.pumpEvents(Unknown Source)
	at java.awt.EventDispatchThread.run(Unknown Source)

[2014-10-19 08:42:47 #11 *] 
java.lang.NullPointerException
	at com.objectdb.o.SFL.ae(SFL.java:873)
	at com.objectdb.o.MST.ae(MST.java:1435)
	at com.objectdb.o.MST.Vg(MST.java:1300)
	at com.objectdb.o.WRA.Vg(WRA.java:381)
	at com.objectdb.o.WSM.Vg(WSM.java:153)
	at com.objectdb.o.OBM.bQ(OBM.java:967)
	at com.objectdb.o.OBM.bN(OBM.java:840)
	at com.objectdb.o.OBM.bM(OBM.java:776)
	at com.objectdb.o.QRR.f(QRR.java:139)
	at com.objectdb.jpa.JpaQuery.getSingleResult(JpaQuery.java:747)
	at com.objectdb.o.ETI.getChildCount(ETI.java:82)
	at com.objectdb.o.ITL.getRowCount(ITL.java:74)
	at javax.swing.JTable.getRowCount(Unknown Source)
	at javax.swing.plaf.basic.BasicTableUI.getAdjustedLead(Unknown Source)
	at javax.swing.plaf.basic.BasicTableUI.getAdjustedLead(Unknown Source)
	at javax.swing.plaf.basic.BasicTableUI.access$100(Unknown Source)
	at javax.swing.plaf.basic.BasicTableUI$Handler.repaintLeadCell(Unknown Source)
	at javax.swing.plaf.basic.BasicTableUI$Handler.focusLost(Unknown Source)
	at java.awt.AWTEventMulticaster.focusLost(Unknown Source)
	at java.awt.Component.processFocusEvent(Unknown Source)
	at java.awt.Component.processEvent(Unknown Source)
	at java.awt.Container.processEvent(Unknown Source)
	at java.awt.Component.dispatchEventImpl(Unknown Source)
	at java.awt.Container.dispatchEventImpl(Unknown Source)
	at java.awt.Component.dispatchEvent(Unknown Source)
	at java.awt.KeyboardFocusManager.redispatchEvent(Unknown Source)
	at java.awt.DefaultKeyboardFocusManager.typeAheadAssertions(Unknown Source)
	at java.awt.DefaultKeyboardFocusManager.dispatchEvent(Unknown Source)
	at java.awt.Component.dispatchEventImpl(Unknown Source)
	at java.awt.Container.dispatchEventImpl(Unknown Source)
	at java.awt.Component.dispatchEvent(Unknown Source)
	at java.awt.EventQueue.dispatchEventImpl(Unknown Source)
	at java.awt.EventQueue.access$200(Unknown Source)
	at java.awt.EventQueue$3.run(Unknown Source)
	at java.awt.EventQueue$3.run(Unknown Source)
	at java.security.AccessController.doPrivileged(Native Method)
	at java.security.ProtectionDomain$1.doIntersectionPrivilege(Unknown Source)
	at java.security.ProtectionDomain$1.doIntersectionPrivilege(Unknown Source)
	at java.awt.EventQueue$4.run(Unknown Source)
	at java.awt.EventQueue$4.run(Unknown Source)
	at java.security.AccessController.doPrivileged(Native Method)
	at java.security.ProtectionDomain$1.doIntersectionPrivilege(Unknown Source)
	at java.awt.EventQueue.dispatchEvent(Unknown Source)
	at java.awt.EventDispatchThread.pumpOneEventForFilters(Unknown Source)
	at java.awt.EventDispatchThread.pumpEventsForFilter(Unknown Source)
	at java.awt.EventDispatchThread.pumpEventsForHierarchy(Unknown Source)
	at java.awt.EventDispatchThread.pumpEvents(Unknown Source)
	at java.awt.EventDispatchThread.pumpEvents(Unknown Source)
	at java.awt.EventDispatchThread.run(Unknown Source)

[2014-10-19 08:42:47 #12 *] 
java.lang.NullPointerException
	at com.objectdb.o.SFL.ae(SFL.java:873)
	at com.objectdb.o.MST.ae(MST.java:1435)
	at com.objectdb.o.MST.Vg(MST.java:1300)
	at com.objectdb.o.WRA.Vg(WRA.java:381)
	at com.objectdb.o.WSM.Vg(WSM.java:153)
	at com.objectdb.o.OBM.bQ(OBM.java:967)
	at com.objectdb.o.OBM.bN(OBM.java:840)
	at com.objectdb.o.OBM.bM(OBM.java:776)
	at com.objectdb.o.QRR.f(QRR.java:139)
	at com.objectdb.jpa.JpaQuery.getSingleResult(JpaQuery.java:747)
	at com.objectdb.o.ETI.getChildCount(ETI.java:82)
	at com.objectdb.o.ITL.getRowCount(ITL.java:74)
	at javax.swing.JTable.getRowCount(Unknown Source)
	at javax.swing.JTable.valueChanged(Unknown Source)
	at javax.swing.DefaultListSelectionModel.fireValueChanged(Unknown Source)
	at javax.swing.DefaultListSelectionModel.fireValueChanged(Unknown Source)
	at javax.swing.DefaultListSelectionModel.fireValueChanged(Unknown Source)
	at javax.swing.DefaultListSelectionModel.changeSelection(Unknown Source)
	at javax.swing.DefaultListSelectionModel.changeSelection(Unknown Source)
	at javax.swing.DefaultListSelectionModel.removeSelectionIntervalImpl(Unknown Source)
	at javax.swing.DefaultListSelectionModel.clearSelection(Unknown Source)
	at com.objectdb.o.ITA.u(ITA.java:228)
	at com.objectdb.o.ITP.VA(ITP.java:303)
	at com.objectdb.o.RTR.focusGained(RTR.java:621)
	at java.awt.AWTEventMulticaster.focusGained(Unknown Source)
	at java.awt.Component.processFocusEvent(Unknown Source)
	at java.awt.Component.processEvent(Unknown Source)
	at java.awt.Container.processEvent(Unknown Source)
	at java.awt.Component.dispatchEventImpl(Unknown Source)
	at java.awt.Container.dispatchEventImpl(Unknown Source)
	at java.awt.Component.dispatchEvent(Unknown Source)
	at java.awt.KeyboardFocusManager.redispatchEvent(Unknown Source)
	at java.awt.DefaultKeyboardFocusManager.typeAheadAssertions(Unknown Source)
	at java.awt.DefaultKeyboardFocusManager.dispatchEvent(Unknown Source)
	at java.awt.Component.dispatchEventImpl(Unknown Source)
	at java.awt.Container.dispatchEventImpl(Unknown Source)
	at java.awt.Component.dispatchEvent(Unknown Source)
	at java.awt.EventQueue.dispatchEventImpl(Unknown Source)
	at java.awt.EventQueue.access$200(Unknown Source)
	at java.awt.EventQueue$3.run(Unknown Source)
	at java.awt.EventQueue$3.run(Unknown Source)
	at java.security.AccessController.doPrivileged(Native Method)
	at java.security.ProtectionDomain$1.doIntersectionPrivilege(Unknown Source)
	at java.security.ProtectionDomain$1.doIntersectionPrivilege(Unknown Source)
	at java.awt.EventQueue$4.run(Unknown Source)
	at java.awt.EventQueue$4.run(Unknown Source)
	at java.security.AccessController.doPrivileged(Native Method)
	at java.security.ProtectionDomain$1.doIntersectionPrivilege(Unknown Source)
	at java.awt.EventQueue.dispatchEvent(Unknown Source)
	at java.awt.EventDispatchThread.pumpOneEventForFilters(Unknown Source)
	at java.awt.EventDispatchThread.pumpEventsForFilter(Unknown Source)
	at java.awt.EventDispatchThread.pumpEventsForHierarchy(Unknown Source)
	at java.awt.EventDispatchThread.pumpEvents(Unknown Source)
	at java.awt.EventDispatchThread.pumpEvents(Unknown Source)
	at java.awt.EventDispatchThread.run(Unknown Source)

[2014-10-19 08:42:47 #13 *] 
java.lang.NullPointerException
	at com.objectdb.o.SFL.ae(SFL.java:873)
	at com.objectdb.o.MST.ae(MST.java:1435)
	at com.objectdb.o.MST.Vg(MST.java:1300)
	at com.objectdb.o.WRA.Vg(WRA.java:381)
	at com.objectdb.o.WSM.Vg(WSM.java:153)
	at com.objectdb.o.OBM.bQ(OBM.java:967)
	at com.objectdb.o.OBM.bN(OBM.java:840)
	at com.objectdb.o.OBM.bM(OBM.java:776)
	at com.objectdb.o.QRR.f(QRR.java:139)
	at com.objectdb.jpa.JpaQuery.getSingleResult(JpaQuery.java:747)
	at com.objectdb.o.ETI.getChildCount(ETI.java:82)
	at com.objectdb.o.ITL.getRowCount(ITL.java:74)
	at javax.swing.JTable.getRowCount(Unknown Source)
	at javax.swing.plaf.basic.BasicTableUI.createTableSize(Unknown Source)
	at javax.swing.plaf.basic.BasicTableUI.getPreferredSize(Unknown Source)
	at javax.swing.JComponent.getPreferredSize(Unknown Source)
	at javax.swing.ScrollPaneLayout.preferredLayoutSize(Unknown Source)
	at java.awt.Container.preferredSize(Unknown Source)
	at java.awt.Container.getPreferredSize(Unknown Source)
	at javax.swing.JComponent.getPreferredSize(Unknown Source)
	at java.awt.GridLayout.preferredLayoutSize(Unknown Source)
	at java.awt.Container.preferredSize(Unknown Source)
	at java.awt.Container.getPreferredSize(Unknown Source)
	at javax.swing.JComponent.getPreferredSize(Unknown Source)
	at javax.swing.ScrollPaneLayout.layoutContainer(Unknown Source)
	at java.awt.Container.layout(Unknown Source)
	at java.awt.Container.doLayout(Unknown Source)
	at java.awt.Container.validateTree(Unknown Source)
	at java.awt.Container.validateTree(Unknown Source)
	at java.awt.Container.validateTree(Unknown Source)
	at java.awt.Container.validateTree(Unknown Source)
	at java.awt.Container.validateTree(Unknown Source)
	at java.awt.Container.validateTree(Unknown Source)
	at java.awt.Container.validateTree(Unknown Source)
	at java.awt.Container.validateTree(Unknown Source)
	at java.awt.Container.validate(Unknown Source)
	at javax.swing.RepaintManager$2.run(Unknown Source)
	at javax.swing.RepaintManager$2.run(Unknown Source)
	at java.security.AccessController.doPrivileged(Native Method)
	at java.security.ProtectionDomain$1.doIntersectionPrivilege(Unknown Source)
	at javax.swing.RepaintManager.validateInvalidComponents(Unknown Source)
	at javax.swing.RepaintManager$ProcessingRunnable.run(Unknown Source)
	at java.awt.event.InvocationEvent.dispatch(Unknown Source)
	at java.awt.EventQueue.dispatchEventImpl(Unknown Source)
	at java.awt.EventQueue.access$200(Unknown Source)
	at java.awt.EventQueue$3.run(Unknown Source)
	at java.awt.EventQueue$3.run(Unknown Source)
	at java.security.AccessController.doPrivileged(Native Method)
	at java.security.ProtectionDomain$1.doIntersectionPrivilege(Unknown Source)
	at java.awt.EventQueue.dispatchEvent(Unknown Source)
	at java.awt.EventDispatchThread.pumpOneEventForFilters(Unknown Source)
	at java.awt.EventDispatchThread.pumpEventsForFilter(Unknown Source)
	at java.awt.EventDispatchThread.pumpEventsForHierarchy(Unknown Source)
	at java.awt.EventDispatchThread.pumpEvents(Unknown Source)
	at java.awt.EventDispatchThread.pumpEvents(Unknown Source)
	at java.awt.EventDispatchThread.run(Unknown Source)

[2014-10-19 08:42:47 #14 *] 
java.lang.NullPointerException
	at com.objectdb.o.SFL.ae(SFL.java:873)
	at com.objectdb.o.MST.ae(MST.java:1435)
	at com.objectdb.o.MST.Vg(MST.java:1300)
	at com.objectdb.o.WRA.Vg(WRA.java:381)
	at com.objectdb.o.WSM.Vg(WSM.java:153)
	at com.objectdb.o.OBM.bQ(OBM.java:967)
	at com.objectdb.o.OBM.bN(OBM.java:840)
	at com.objectdb.o.OBM.bM(OBM.java:776)
	at com.objectdb.o.QRR.f(QRR.java:139)
	at com.objectdb.jpa.JpaQuery.getSingleResult(JpaQuery.java:747)
	at com.objectdb.o.ETI.getChildCount(ETI.java:82)
	at com.objectdb.o.ITL.getRowCount(ITL.java:74)
	at javax.swing.JTable.getRowCount(Unknown Source)
	at javax.swing.plaf.basic.BasicTableUI.paint(Unknown Source)
	at javax.swing.plaf.ComponentUI.update(Unknown Source)
	at javax.swing.JComponent.paintComponent(Unknown Source)
	at javax.swing.JComponent.paint(Unknown Source)
	at javax.swing.JComponent.paintChildren(Unknown Source)
	at javax.swing.JComponent.paint(Unknown Source)
	at javax.swing.JViewport.paint(Unknown Source)
	at javax.swing.JComponent.paintChildren(Unknown Source)
	at javax.swing.JComponent.paint(Unknown Source)
	at javax.swing.JComponent.paintChildren(Unknown Source)
	at javax.swing.JComponent.paint(Unknown Source)
	at javax.swing.JComponent.paintChildren(Unknown Source)
	at javax.swing.JComponent.paint(Unknown Source)
	at javax.swing.JViewport.paint(Unknown Source)
	at javax.swing.JComponent.paintChildren(Unknown Source)
	at javax.swing.JComponent.paint(Unknown Source)
	at javax.swing.JComponent.paintChildren(Unknown Source)
	at javax.swing.JComponent.paint(Unknown Source)
	at javax.swing.JComponent.paintChildren(Unknown Source)
	at javax.swing.JComponent.paint(Unknown Source)
	at javax.swing.JComponent.paintChildren(Unknown Source)
	at javax.swing.JComponent.paint(Unknown Source)
	at javax.swing.JLayeredPane.paint(Unknown Source)
	at javax.swing.JComponent.paintChildren(Unknown Source)
	at javax.swing.JComponent.paint(Unknown Source)
	at javax.swing.JComponent.paintChildren(Unknown Source)
	at javax.swing.JComponent.paint(Unknown Source)
	at javax.swing.JComponent.paintToOffscreen(Unknown Source)
	at javax.swing.RepaintManager$PaintManager.paintDoubleBuffered(Unknown Source)
	at javax.swing.RepaintManager$PaintManager.paint(Unknown Source)
	at javax.swing.RepaintManager.paint(Unknown Source)
	at javax.swing.JComponent._paintImmediately(Unknown Source)
	at javax.swing.JComponent.paintImmediately(Unknown Source)
	at javax.swing.RepaintManager$3.run(Unknown Source)
	at javax.swing.RepaintManager$3.run(Unknown Source)
	at java.security.AccessController.doPrivileged(Native Method)
	at java.security.ProtectionDomain$1.doIntersectionPrivilege(Unknown Source)
	at javax.swing.RepaintManager.paintDirtyRegions(Unknown Source)
	at javax.swing.RepaintManager.paintDirtyRegions(Unknown Source)
	at javax.swing.RepaintManager.prePaintDirtyRegions(Unknown Source)
	at javax.swing.RepaintManager.access$1100(Unknown Source)
	at javax.swing.RepaintManager$ProcessingRunnable.run(Unknown Source)
	at java.awt.event.InvocationEvent.dispatch(Unknown Source)
	at java.awt.EventQueue.dispatchEventImpl(Unknown Source)
	at java.awt.EventQueue.access$200(Unknown Source)
	at java.awt.EventQueue$3.run(Unknown Source)
	at java.awt.EventQueue$3.run(Unknown Source)
	at java.security.AccessController.doPrivileged(Native Method)
	at java.security.ProtectionDomain$1.doIntersectionPrivilege(Unknown Source)
	at java.awt.EventQueue.dispatchEvent(Unknown Source)
	at java.awt.EventDispatchThread.pumpOneEventForFilters(Unknown Source)
	at java.awt.EventDispatchThread.pumpEventsForFilter(Unknown Source)
	at java.awt.EventDispatchThread.pumpEventsForHierarchy(Unknown Source)
	at java.awt.EventDispatchThread.pumpEvents(Unknown Source)
	at java.awt.EventDispatchThread.pumpEvents(Unknown Source)
	at java.awt.EventDispatchThread.run(Unknown Source)

[2014-10-19 08:42:51 #15 *] 
com.objectdb.o.UserException: Optimistic lock failed for object com.chema.persistencia.entidades.RelacionesJobsPK#18 (object has version 2 instead of 1)
	at com.objectdb.o.MSG.d(MSG.java:62)
	at com.objectdb.o.OBM.bV(OBM.java:1157)
	at com.objectdb.o.OBM.bN(OBM.java:859)
	at com.objectdb.o.OBM.bM(OBM.java:776)
	at com.objectdb.o.QRR.f(QRR.java:139)
	at com.objectdb.jpa.JpaQuery.getSingleResult(JpaQuery.java:747)
	at com.objectdb.o.ETI.getChildCount(ETI.java:82)
	at com.objectdb.o.ITL.getRowCount(ITL.java:74)
	at javax.swing.JTable.getRowCount(Unknown Source)
	at javax.swing.JTable.columnSelectionChanged(Unknown Source)
	at javax.swing.table.DefaultTableColumnModel.fireColumnSelectionChanged(Unknown Source)
	at javax.swing.table.DefaultTableColumnModel.valueChanged(Unknown Source)
	at javax.swing.DefaultListSelectionModel.fireValueChanged(Unknown Source)
	at javax.swing.DefaultListSelectionModel.fireValueChanged(Unknown Source)
	at javax.swing.DefaultListSelectionModel.fireValueChanged(Unknown Source)
	at javax.swing.DefaultListSelectionModel.changeSelection(Unknown Source)
	at javax.swing.DefaultListSelectionModel.changeSelection(Unknown Source)
	at javax.swing.DefaultListSelectionModel.removeSelectionIntervalImpl(Unknown Source)
	at javax.swing.DefaultListSelectionModel.clearSelection(Unknown Source)
	at javax.swing.JTable.clearSelection(Unknown Source)
	at javax.swing.JTable.clearSelectionAndLeadAnchor(Unknown Source)
	at javax.swing.JTable.tableChanged(Unknown Source)
	at javax.swing.JTable.setModel(Unknown Source)
	at com.objectdb.o.ITC.setModel(ITC.java:128)
	at com.objectdb.o.ITA.h(ITA.java:185)
	at com.objectdb.o.MFR.j(MFR.java:235)
	at com.objectdb.o.MFR.j(MFR.java:233)
	at com.objectdb.o.MFR.j(MFR.java:233)
	at com.objectdb.o.MFR.j(MFR.java:233)
	at com.objectdb.o.MFR.j(MFR.java:233)
	at com.objectdb.o.MFR.j(MFR.java:233)
	at com.objectdb.o.MFR.j(MFR.java:233)
	at com.objectdb.o.MFR.j(MFR.java:233)
	at com.objectdb.o.MFR.j(MFR.java:233)
	at com.objectdb.o.MFR.j(MFR.java:233)
	at com.objectdb.o.MFR.j(MFR.java:233)
	at com.objectdb.o.MFR.i(MFR.java:218)
	at com.objectdb.o.EXA.o(EXA.java:194)
	at com.objectdb.o.EXA.n(EXA.java:186)
	at com.objectdb.o.CNC.u(CNC.java:304)
	at com.objectdb.o.CNC.i(CNC.java:188)
	at com.objectdb.o.CNC.h(CNC.java:148)
	at com.objectdb.o.EXA.f(EXA.java:98)
	at com.objectdb.o.MFR$2.windowClosing(MFR.java:100)
	at java.awt.Window.processWindowEvent(Unknown Source)
	at javax.swing.JFrame.processWindowEvent(Unknown Source)
	at java.awt.Window.processEvent(Unknown Source)
	at java.awt.Component.dispatchEventImpl(Unknown Source)
	at java.awt.Container.dispatchEventImpl(Unknown Source)
	at java.awt.Window.dispatchEventImpl(Unknown Source)
	at java.awt.Component.dispatchEvent(Unknown Source)
	at java.awt.EventQueue.dispatchEventImpl(Unknown Source)
	at java.awt.EventQueue.access$200(Unknown Source)
	at java.awt.EventQueue$3.run(Unknown Source)
	at java.awt.EventQueue$3.run(Unknown Source)
	at java.security.AccessController.doPrivileged(Native Method)
	at java.security.ProtectionDomain$1.doIntersectionPrivilege(Unknown Source)
	at java.security.ProtectionDomain$1.doIntersectionPrivilege(Unknown Source)
	at java.awt.EventQueue$4.run(Unknown Source)
	at java.awt.EventQueue$4.run(Unknown Source)
	at java.security.AccessController.doPrivileged(Native Method)
	at java.security.ProtectionDomain$1.doIntersectionPrivilege(Unknown Source)
	at java.awt.EventQueue.dispatchEvent(Unknown Source)
	at java.awt.EventDispatchThread.pumpOneEventForFilters(Unknown Source)
	at java.awt.EventDispatchThread.pumpEventsForFilter(Unknown Source)
	at java.awt.EventDispatchThread.pumpEventsForHierarchy(Unknown Source)
	at java.awt.EventDispatchThread.pumpEvents(Unknown Source)
	at java.awt.EventDispatchThread.pumpEvents(Unknown Source)
	at java.awt.EventDispatchThread.run(Unknown Source)

[2014-10-19 08:42:51 #16 *] 
com.objectdb.o.UserException: Optimistic lock failed for object com.chema.persistencia.entidades.RelacionesJobsPK#18 (object has version 2 instead of 1)
	at com.objectdb.o.MSG.d(MSG.java:62)
	at com.objectdb.o.OBM.bV(OBM.java:1157)
	at com.objectdb.o.OBM.bN(OBM.java:859)
	at com.objectdb.o.OBM.bM(OBM.java:776)
	at com.objectdb.o.QRR.f(QRR.java:139)
	at com.objectdb.jpa.JpaQuery.getSingleResult(JpaQuery.java:747)
	at com.objectdb.o.ETI.getChildCount(ETI.java:82)
	at com.objectdb.o.ITL.getRowCount(ITL.java:74)
	at javax.swing.JTable.getRowCount(Unknown Source)
	at javax.swing.JTable.columnSelectionChanged(Unknown Source)
	at javax.swing.table.DefaultTableColumnModel.fireColumnSelectionChanged(Unknown Source)
	at javax.swing.table.DefaultTableColumnModel.valueChanged(Unknown Source)
	at javax.swing.DefaultListSelectionModel.fireValueChanged(Unknown Source)
	at javax.swing.DefaultListSelectionModel.fireValueChanged(Unknown Source)
	at javax.swing.DefaultListSelectionModel.fireValueChanged(Unknown Source)
	at javax.swing.DefaultListSelectionModel.changeSelection(Unknown Source)
	at javax.swing.DefaultListSelectionModel.changeSelection(Unknown Source)
	at javax.swing.DefaultListSelectionModel.removeSelectionIntervalImpl(Unknown Source)
	at javax.swing.DefaultListSelectionModel.clearSelection(Unknown Source)
	at javax.swing.JTable.clearSelection(Unknown Source)
	at javax.swing.JTable.clearSelectionAndLeadAnchor(Unknown Source)
	at javax.swing.JTable.tableChanged(Unknown Source)
	at javax.swing.JTable.setModel(Unknown Source)
	at com.objectdb.o.ITC.setModel(ITC.java:128)
	at com.objectdb.o.ITA.h(ITA.java:185)
	at com.objectdb.o.MFR.j(MFR.java:235)
	at com.objectdb.o.MFR.j(MFR.java:233)
	at com.objectdb.o.MFR.j(MFR.java:233)
	at com.objectdb.o.MFR.j(MFR.java:233)
	at com.objectdb.o.MFR.j(MFR.java:233)
	at com.objectdb.o.MFR.j(MFR.java:233)
	at com.objectdb.o.MFR.j(MFR.java:233)
	at com.objectdb.o.MFR.j(MFR.java:233)
	at com.objectdb.o.MFR.j(MFR.java:233)
	at com.objectdb.o.MFR.j(MFR.java:233)
	at com.objectdb.o.MFR.j(MFR.java:233)
	at com.objectdb.o.MFR.i(MFR.java:218)
	at com.objectdb.o.EXA.o(EXA.java:194)
	at com.objectdb.o.EXA.n(EXA.java:186)
	at com.objectdb.o.CNC.u(CNC.java:304)
	at com.objectdb.o.CNC.i(CNC.java:188)
	at com.objectdb.o.CNC.h(CNC.java:148)
	at com.objectdb.o.EXA.f(EXA.java:98)
	at com.objectdb.o.MFR$2.windowClosing(MFR.java:100)
	at java.awt.Window.processWindowEvent(Unknown Source)
	at javax.swing.JFrame.processWindowEvent(Unknown Source)
	at java.awt.Window.processEvent(Unknown Source)
	at java.awt.Component.dispatchEventImpl(Unknown Source)
	at java.awt.Container.dispatchEventImpl(Unknown Source)
	at java.awt.Window.dispatchEventImpl(Unknown Source)
	at java.awt.Component.dispatchEvent(Unknown Source)
	at java.awt.EventQueue.dispatchEventImpl(Unknown Source)
	at java.awt.EventQueue.access$200(Unknown Source)
	at java.awt.EventQueue$3.run(Unknown Source)
	at java.awt.EventQueue$3.run(Unknown Source)
	at java.security.AccessController.doPrivileged(Native Method)
	at java.security.ProtectionDomain$1.doIntersectionPrivilege(Unknown Source)
	at java.security.ProtectionDomain$1.doIntersectionPrivilege(Unknown Source)
	at java.awt.EventQueue$4.run(Unknown Source)
	at java.awt.EventQueue$4.run(Unknown Source)
	at java.security.AccessController.doPrivileged(Native Method)
	at java.security.ProtectionDomain$1.doIntersectionPrivilege(Unknown Source)
	at java.awt.EventQueue.dispatchEvent(Unknown Source)
	at java.awt.EventDispatchThread.pumpOneEventForFilters(Unknown Source)
	at java.awt.EventDispatchThread.pumpEventsForFilter(Unknown Source)
	at java.awt.EventDispatchThread.pumpEventsForHierarchy(Unknown Source)
	at java.awt.EventDispatchThread.pumpEvents(Unknown Source)
	at java.awt.EventDispatchThread.pumpEvents(Unknown Source)
	at java.awt.EventDispatchThread.run(Unknown Source)

[2014-10-19 08:42:51 #17 *] 
java.lang.NullPointerException
	at com.objectdb.o.SFL.ae(SFL.java:873)
	at com.objectdb.o.MST.ae(MST.java:1435)
	at com.objectdb.o.MST.Vg(MST.java:1300)
	at com.objectdb.o.WRA.Vg(WRA.java:381)
	at com.objectdb.o.WSM.Vg(WSM.java:153)
	at com.objectdb.o.OBM.bQ(OBM.java:967)
	at com.objectdb.o.OBM.bN(OBM.java:840)
	at com.objectdb.o.OBM.bM(OBM.java:776)
	at com.objectdb.o.QRR.f(QRR.java:139)
	at com.objectdb.jpa.JpaQuery.getSingleResult(JpaQuery.java:747)
	at com.objectdb.o.ETI.getChildCount(ETI.java:82)
	at com.objectdb.o.ITL.getRowCount(ITL.java:74)
	at javax.swing.JTable.getRowCount(Unknown Source)
	at javax.swing.JTable.getAdjustedIndex(Unknown Source)
	at javax.swing.JTable.columnSelectionChanged(Unknown Source)
	at javax.swing.table.DefaultTableColumnModel.fireColumnSelectionChanged(Unknown Source)
	at javax.swing.table.DefaultTableColumnModel.valueChanged(Unknown Source)
	at javax.swing.DefaultListSelectionModel.fireValueChanged(Unknown Source)
	at javax.swing.DefaultListSelectionModel.fireValueChanged(Unknown Source)
	at javax.swing.DefaultListSelectionModel.fireValueChanged(Unknown Source)
	at javax.swing.DefaultListSelectionModel.changeSelection(Unknown Source)
	at javax.swing.DefaultListSelectionModel.changeSelection(Unknown Source)
	at javax.swing.DefaultListSelectionModel.removeSelectionIntervalImpl(Unknown Source)
	at javax.swing.DefaultListSelectionModel.clearSelection(Unknown Source)
	at javax.swing.JTable.clearSelection(Unknown Source)
	at javax.swing.JTable.clearSelectionAndLeadAnchor(Unknown Source)
	at javax.swing.JTable.tableChanged(Unknown Source)
	at javax.swing.JTable.setModel(Unknown Source)
	at com.objectdb.o.ITC.setModel(ITC.java:128)
	at com.objectdb.o.ITA.h(ITA.java:185)
	at com.objectdb.o.MFR.j(MFR.java:235)
	at com.objectdb.o.MFR.j(MFR.java:233)
	at com.objectdb.o.MFR.j(MFR.java:233)
	at com.objectdb.o.MFR.j(MFR.java:233)
	at com.objectdb.o.MFR.j(MFR.java:233)
	at com.objectdb.o.MFR.j(MFR.java:233)
	at com.objectdb.o.MFR.j(MFR.java:233)
	at com.objectdb.o.MFR.j(MFR.java:233)
	at com.objectdb.o.MFR.j(MFR.java:233)
	at com.objectdb.o.MFR.j(MFR.java:233)
	at com.objectdb.o.MFR.j(MFR.java:233)
	at com.objectdb.o.MFR.i(MFR.java:218)
	at com.objectdb.o.EXA.o(EXA.java:194)
	at com.objectdb.o.EXA.n(EXA.java:186)
	at com.objectdb.o.CNC.u(CNC.java:304)
	at com.objectdb.o.CNC.i(CNC.java:188)
	at com.objectdb.o.CNC.h(CNC.java:148)
	at com.objectdb.o.EXA.f(EXA.java:98)
	at com.objectdb.o.MFR$2.windowClosing(MFR.java:100)
	at java.awt.Window.processWindowEvent(Unknown Source)
	at javax.swing.JFrame.processWindowEvent(Unknown Source)
	at java.awt.Window.processEvent(Unknown Source)
	at java.awt.Component.dispatchEventImpl(Unknown Source)
	at java.awt.Container.dispatchEventImpl(Unknown Source)
	at java.awt.Window.dispatchEventImpl(Unknown Source)
	at java.awt.Component.dispatchEvent(Unknown Source)
	at java.awt.EventQueue.dispatchEventImpl(Unknown Source)
	at java.awt.EventQueue.access$200(Unknown Source)
	at java.awt.EventQueue$3.run(Unknown Source)
	at java.awt.EventQueue$3.run(Unknown Source)
	at java.security.AccessController.doPrivileged(Native Method)
	at java.security.ProtectionDomain$1.doIntersectionPrivilege(Unknown Source)
	at java.security.ProtectionDomain$1.doIntersectionPrivilege(Unknown Source)
	at java.awt.EventQueue$4.run(Unknown Source)
	at java.awt.EventQueue$4.run(Unknown Source)
	at java.security.AccessController.doPrivileged(Native Method)
	at java.security.ProtectionDomain$1.doIntersectionPrivilege(Unknown Source)
	at java.awt.EventQueue.dispatchEvent(Unknown Source)
	at java.awt.EventDispatchThread.pumpOneEventForFilters(Unknown Source)
	at java.awt.EventDispatchThread.pumpEventsForFilter(Unknown Source)
	at java.awt.EventDispatchThread.pumpEventsForHierarchy(Unknown Source)
	at java.awt.EventDispatchThread.pumpEvents(Unknown Source)
	at java.awt.EventDispatchThread.pumpEvents(Unknown Source)
	at java.awt.EventDispatchThread.run(Unknown Source)

[2014-10-19 08:42:53 #18 *] 
java.lang.NullPointerException
	at com.objectdb.o.SFL.ae(SFL.java:873)
	at com.objectdb.o.MST.ae(MST.java:1435)
	at com.objectdb.o.MST.Vg(MST.java:1300)
	at com.objectdb.o.WRA.Vg(WRA.java:381)
	at com.objectdb.o.WSM.Vg(WSM.java:153)
	at com.objectdb.o.OBM.bQ(OBM.java:967)
	at com.objectdb.o.OBM.bN(OBM.java:840)
	at com.objectdb.o.OBM.bM(OBM.java:776)
	at com.objectdb.o.QRR.f(QRR.java:139)
	at com.objectdb.jpa.JpaQuery.getSingleResult(JpaQuery.java:747)
	at com.objectdb.o.ETI.getChildCount(ETI.java:82)
	at com.objectdb.o.ITL.getRowCount(ITL.java:74)
	at javax.swing.JTable.getRowCount(Unknown Source)
	at javax.swing.JTable.rowAtPoint(Unknown Source)
	at javax.swing.JTable.getToolTipText(Unknown Source)
	at javax.swing.ToolTipManager$insideTimerAction.actionPerformed(Unknown Source)
	at javax.swing.Timer.fireActionPerformed(Unknown Source)
	at javax.swing.Timer$DoPostEvent.run(Unknown Source)
	at java.awt.event.InvocationEvent.dispatch(Unknown Source)
	at java.awt.EventQueue.dispatchEventImpl(Unknown Source)
	at java.awt.EventQueue.access$200(Unknown Source)
	at java.awt.EventQueue$3.run(Unknown Source)
	at java.awt.EventQueue$3.run(Unknown Source)
	at java.security.AccessController.doPrivileged(Native Method)
	at java.security.ProtectionDomain$1.doIntersectionPrivilege(Unknown Source)
	at java.awt.EventQueue.dispatchEvent(Unknown Source)
	at java.awt.EventDispatchThread.pumpOneEventForFilters(Unknown Source)
	at java.awt.EventDispatchThread.pumpEventsForFilter(Unknown Source)
	at java.awt.EventDispatchThread.pumpEventsForHierarchy(Unknown Source)
	at java.awt.EventDispatchThread.pumpEvents(Unknown Source)
	at java.awt.EventDispatchThread.pumpEvents(Unknown Source)
	at java.awt.EventDispatchThread.run(Unknown Source)

[2014-10-19 08:42:53 #19 *] 
java.lang.NullPointerException
	at com.objectdb.o.SFL.ae(SFL.java:873)
	at com.objectdb.o.MST.ae(MST.java:1435)
	at com.objectdb.o.MST.Vg(MST.java:1300)
	at com.objectdb.o.WRA.Vg(WRA.java:381)
	at com.objectdb.o.WSM.Vg(WSM.java:153)
	at com.objectdb.o.OBM.bQ(OBM.java:967)
	at com.objectdb.o.OBM.bN(OBM.java:840)
	at com.objectdb.o.OBM.bM(OBM.java:776)
	at com.objectdb.o.QRR.f(QRR.java:139)
	at com.objectdb.jpa.JpaQuery.getSingleResult(JpaQuery.java:747)
	at com.objectdb.o.ETI.getChildCount(ETI.java:82)
	at com.objectdb.o.ITL.getRowCount(ITL.java:74)
	at javax.swing.JTable.getRowCount(Unknown Source)
	at javax.swing.JTable.rowAtPoint(Unknown Source)
	at javax.swing.plaf.basic.BasicTableUI$Handler.mousePressed(Unknown Source)
	at java.awt.AWTEventMulticaster.mousePressed(Unknown Source)
	at java.awt.AWTEventMulticaster.mousePressed(Unknown Source)
	at java.awt.AWTEventMulticaster.mousePressed(Unknown Source)
	at java.awt.Component.processMouseEvent(Unknown Source)
	at javax.swing.JComponent.processMouseEvent(Unknown Source)
	at java.awt.Component.processEvent(Unknown Source)
	at java.awt.Container.processEvent(Unknown Source)
	at java.awt.Component.dispatchEventImpl(Unknown Source)
	at java.awt.Container.dispatchEventImpl(Unknown Source)
	at java.awt.Component.dispatchEvent(Unknown Source)
	at java.awt.LightweightDispatcher.retargetMouseEvent(Unknown Source)
	at java.awt.LightweightDispatcher.processMouseEvent(Unknown Source)
	at java.awt.LightweightDispatcher.dispatchEvent(Unknown Source)
	at java.awt.Container.dispatchEventImpl(Unknown Source)
	at java.awt.Window.dispatchEventImpl(Unknown Source)
	at java.awt.Component.dispatchEvent(Unknown Source)
	at java.awt.EventQueue.dispatchEventImpl(Unknown Source)
	at java.awt.EventQueue.access$200(Unknown Source)
	at java.awt.EventQueue$3.run(Unknown Source)
	at java.awt.EventQueue$3.run(Unknown Source)
	at java.security.AccessController.doPrivileged(Native Method)
	at java.security.ProtectionDomain$1.doIntersectionPrivilege(Unknown Source)
	at java.security.ProtectionDomain$1.doIntersectionPrivilege(Unknown Source)
	at java.awt.EventQueue$4.run(Unknown Source)
	at java.awt.EventQueue$4.run(Unknown Source)
	at java.security.AccessController.doPrivileged(Native Method)
	at java.security.ProtectionDomain$1.doIntersectionPrivilege(Unknown Source)
	at java.awt.EventQueue.dispatchEvent(Unknown Source)
	at java.awt.EventDispatchThread.pumpOneEventForFilters(Unknown Source)
	at java.awt.EventDispatchThread.pumpEventsForFilter(Unknown Source)
	at java.awt.EventDispatchThread.pumpEventsForHierarchy(Unknown Source)
	at java.awt.EventDispatchThread.pumpEvents(Unknown Source)
	at java.awt.EventDispatchThread.pumpEvents(Unknown Source)
	at java.awt.EventDispatchThread.run(Unknown Source)

[2014-10-19 08:42:53 #20 *] 
java.lang.NullPointerException
	at com.objectdb.o.SFL.ae(SFL.java:873)
	at com.objectdb.o.MST.ae(MST.java:1435)
	at com.objectdb.o.MST.Vg(MST.java:1300)
	at com.objectdb.o.WRA.Vg(WRA.java:381)
	at com.objectdb.o.WSM.Vg(WSM.java:153)
	at com.objectdb.o.OBM.bQ(OBM.java:967)
	at com.objectdb.o.OBM.bN(OBM.java:840)
	at com.objectdb.o.OBM.bM(OBM.java:776)
	at com.objectdb.o.QRR.f(QRR.java:139)
	at com.objectdb.jpa.JpaQuery.getSingleResult(JpaQuery.java:747)
	at com.objectdb.o.ETI.getChildCount(ETI.java:82)
	at com.objectdb.o.ITL.getRowCount(ITL.java:74)
	at javax.swing.JTable.getRowCount(Unknown Source)
	at javax.swing.plaf.basic.BasicTableUI.getAdjustedLead(Unknown Source)
	at javax.swing.plaf.basic.BasicTableUI.getAdjustedLead(Unknown Source)
	at javax.swing.plaf.basic.BasicTableUI.access$100(Unknown Source)
	at javax.swing.plaf.basic.BasicTableUI$Handler.repaintLeadCell(Unknown Source)
	at javax.swing.plaf.basic.BasicTableUI$Handler.focusGained(Unknown Source)
	at java.awt.AWTEventMulticaster.focusGained(Unknown Source)
	at java.awt.Component.processFocusEvent(Unknown Source)
	at java.awt.Component.processEvent(Unknown Source)
	at java.awt.Container.processEvent(Unknown Source)
	at java.awt.Component.dispatchEventImpl(Unknown Source)
	at java.awt.Container.dispatchEventImpl(Unknown Source)
	at java.awt.Component.dispatchEvent(Unknown Source)
	at java.awt.KeyboardFocusManager.redispatchEvent(Unknown Source)
	at java.awt.DefaultKeyboardFocusManager.typeAheadAssertions(Unknown Source)
	at java.awt.DefaultKeyboardFocusManager.dispatchEvent(Unknown Source)
	at java.awt.Component.dispatchEventImpl(Unknown Source)
	at java.awt.Container.dispatchEventImpl(Unknown Source)
	at java.awt.Component.dispatchEvent(Unknown Source)
	at java.awt.EventQueue.dispatchEventImpl(Unknown Source)
	at java.awt.EventQueue.access$200(Unknown Source)
	at java.awt.EventQueue$3.run(Unknown Source)
	at java.awt.EventQueue$3.run(Unknown Source)
	at java.security.AccessController.doPrivileged(Native Method)
	at java.security.ProtectionDomain$1.doIntersectionPrivilege(Unknown Source)
	at java.security.ProtectionDomain$1.doIntersectionPrivilege(Unknown Source)
	at java.awt.EventQueue$4.run(Unknown Source)
	at java.awt.EventQueue$4.run(Unknown Source)
	at java.security.AccessController.doPrivileged(Native Method)
	at java.security.ProtectionDomain$1.doIntersectionPrivilege(Unknown Source)
	at java.awt.EventQueue.dispatchEvent(Unknown Source)
	at java.awt.EventDispatchThread.pumpOneEventForFilters(Unknown Source)
	at java.awt.EventDispatchThread.pumpEventsForFilter(Unknown Source)
	at java.awt.EventDispatchThread.pumpEventsForHierarchy(Unknown Source)
	at java.awt.EventDispatchThread.pumpEvents(Unknown Source)
	at java.awt.EventDispatchThread.pumpEvents(Unknown Source)
	at java.awt.EventDispatchThread.run(Unknown Source)

[2014-10-19 08:42:53 #21 *] 
java.lang.NullPointerException
	at com.objectdb.o.SFL.ae(SFL.java:873)
	at com.objectdb.o.MST.ae(MST.java:1435)
	at com.objectdb.o.MST.Vg(MST.java:1300)
	at com.objectdb.o.WRA.Vg(WRA.java:381)
	at com.objectdb.o.WSM.Vg(WSM.java:153)
	at com.objectdb.o.OBM.bQ(OBM.java:967)
	at com.objectdb.o.OBM.bN(OBM.java:840)
	at com.objectdb.o.OBM.bM(OBM.java:776)
	at com.objectdb.o.QRR.f(QRR.java:139)
	at com.objectdb.jpa.JpaQuery.getSingleResult(JpaQuery.java:747)
	at com.objectdb.o.ETI.getChildCount(ETI.java:82)
	at com.objectdb.o.ITL.getRowCount(ITL.java:74)
	at javax.swing.JTable.getRowCount(Unknown Source)
	at javax.swing.plaf.basic.BasicTableUI.createTableSize(Unknown Source)
	at javax.swing.plaf.basic.BasicTableUI.getPreferredSize(Unknown Source)
	at javax.swing.JComponent.getPreferredSize(Unknown Source)
	at javax.swing.ScrollPaneLayout.preferredLayoutSize(Unknown Source)
	at java.awt.Container.preferredSize(Unknown Source)
	at java.awt.Container.getPreferredSize(Unknown Source)
	at javax.swing.JComponent.getPreferredSize(Unknown Source)
	at java.awt.GridLayout.preferredLayoutSize(Unknown Source)
	at java.awt.Container.preferredSize(Unknown Source)
	at java.awt.Container.getPreferredSize(Unknown Source)
	at javax.swing.JComponent.getPreferredSize(Unknown Source)
	at javax.swing.ScrollPaneLayout.layoutContainer(Unknown Source)
	at java.awt.Container.layout(Unknown Source)
	at java.awt.Container.doLayout(Unknown Source)
	at java.awt.Container.validateTree(Unknown Source)
	at java.awt.Container.validateTree(Unknown Source)
	at java.awt.Container.validateTree(Unknown Source)
	at java.awt.Container.validateTree(Unknown Source)
	at java.awt.Container.validateTree(Unknown Source)
	at java.awt.Container.validateTree(Unknown Source)
	at java.awt.Container.validateTree(Unknown Source)
	at java.awt.Container.validateTree(Unknown Source)
	at java.awt.Container.validate(Unknown Source)
	at javax.swing.RepaintManager$2.run(Unknown Source)
	at javax.swing.RepaintManager$2.run(Unknown Source)
	at java.security.AccessController.doPrivileged(Native Method)
	at java.security.ProtectionDomain$1.doIntersectionPrivilege(Unknown Source)
	at javax.swing.RepaintManager.validateInvalidComponents(Unknown Source)
	at javax.swing.RepaintManager$ProcessingRunnable.run(Unknown Source)
	at java.awt.event.InvocationEvent.dispatch(Unknown Source)
	at java.awt.EventQueue.dispatchEventImpl(Unknown Source)
	at java.awt.EventQueue.access$200(Unknown Source)
	at java.awt.EventQueue$3.run(Unknown Source)
	at java.awt.EventQueue$3.run(Unknown Source)
	at java.security.AccessController.doPrivileged(Native Method)
	at java.security.ProtectionDomain$1.doIntersectionPrivilege(Unknown Source)
	at java.awt.EventQueue.dispatchEvent(Unknown Source)
	at java.awt.EventDispatchThread.pumpOneEventForFilters(Unknown Source)
	at java.awt.EventDispatchThread.pumpEventsForFilter(Unknown Source)
	at java.awt.EventDispatchThread.pumpEventsForHierarchy(Unknown Source)
	at java.awt.EventDispatchThread.pumpEvents(Unknown Source)
	at java.awt.EventDispatchThread.pumpEvents(Unknown Source)
	at java.awt.EventDispatchThread.run(Unknown Source)

[2014-10-19 08:42:53 #22 *] 
java.lang.NullPointerException
	at com.objectdb.o.SFL.ae(SFL.java:873)
	at com.objectdb.o.MST.ae(MST.java:1435)
	at com.objectdb.o.MST.Vg(MST.java:1300)
	at com.objectdb.o.WRA.Vg(WRA.java:381)
	at com.objectdb.o.WSM.Vg(WSM.java:153)
	at com.objectdb.o.OBM.bQ(OBM.java:967)
	at com.objectdb.o.OBM.bN(OBM.java:840)
	at com.objectdb.o.OBM.bM(OBM.java:776)
	at com.objectdb.o.QRR.f(QRR.java:139)
	at com.objectdb.jpa.JpaQuery.getSingleResult(JpaQuery.java:747)
	at com.objectdb.o.ETI.getChildCount(ETI.java:82)
	at com.objectdb.o.ITL.getRowCount(ITL.java:74)
	at javax.swing.JTable.getRowCount(Unknown Source)
	at javax.swing.JTable.rowAtPoint(Unknown Source)
	at javax.swing.plaf.basic.BasicTableUI$Handler.mousePressed(Unknown Source)
	at java.awt.AWTEventMulticaster.mousePressed(Unknown Source)
	at java.awt.AWTEventMulticaster.mousePressed(Unknown Source)
	at java.awt.AWTEventMulticaster.mousePressed(Unknown Source)
	at java.awt.Component.processMouseEvent(Unknown Source)
	at javax.swing.JComponent.processMouseEvent(Unknown Source)
	at java.awt.Component.processEvent(Unknown Source)
	at java.awt.Container.processEvent(Unknown Source)
	at java.awt.Component.dispatchEventImpl(Unknown Source)
	at java.awt.Container.dispatchEventImpl(Unknown Source)
	at java.awt.Component.dispatchEvent(Unknown Source)
	at java.awt.LightweightDispatcher.retargetMouseEvent(Unknown Source)
	at java.awt.LightweightDispatcher.processMouseEvent(Unknown Source)
	at java.awt.LightweightDispatcher.dispatchEvent(Unknown Source)
	at java.awt.Container.dispatchEventImpl(Unknown Source)
	at java.awt.Window.dispatchEventImpl(Unknown Source)
	at java.awt.Component.dispatchEvent(Unknown Source)
	at java.awt.EventQueue.dispatchEventImpl(Unknown Source)
	at java.awt.EventQueue.access$200(Unknown Source)
	at java.awt.EventQueue$3.run(Unknown Source)
	at java.awt.EventQueue$3.run(Unknown Source)
	at java.security.AccessController.doPrivileged(Native Method)
	at java.security.ProtectionDomain$1.doIntersectionPrivilege(Unknown Source)
	at java.security.ProtectionDomain$1.doIntersectionPrivilege(Unknown Source)
	at java.awt.EventQueue$4.run(Unknown Source)
	at java.awt.EventQueue$4.run(Unknown Source)
	at java.security.AccessController.doPrivileged(Native Method)
	at java.security.ProtectionDomain$1.doIntersectionPrivilege(Unknown Source)
	at java.awt.EventQueue.dispatchEvent(Unknown Source)
	at java.awt.EventDispatchThread.pumpOneEventForFilters(Unknown Source)
	at java.awt.EventDispatchThread.pumpEventsForFilter(Unknown Source)
	at java.awt.EventDispatchThread.pumpEventsForHierarchy(Unknown Source)
	at java.awt.EventDispatchThread.pumpEvents(Unknown Source)
	at java.awt.EventDispatchThread.pumpEvents(Unknown Source)
	at java.awt.EventDispatchThread.run(Unknown Source)

[2014-10-19 08:42:55 #23 *] 
java.lang.NullPointerException
	at com.objectdb.o.SFL.ae(SFL.java:873)
	at com.objectdb.o.MST.ae(MST.java:1435)
	at com.objectdb.o.MST.Vg(MST.java:1300)
	at com.objectdb.o.WRA.Vg(WRA.java:381)
	at com.objectdb.o.WSM.Vg(WSM.java:153)
	at com.objectdb.o.OBM.bQ(OBM.java:967)
	at com.objectdb.o.OBM.bN(OBM.java:840)
	at com.objectdb.o.OBM.bM(OBM.java:776)
	at com.objectdb.o.QRR.f(QRR.java:139)
	at com.objectdb.jpa.JpaQuery.getSingleResult(JpaQuery.java:747)
	at com.objectdb.o.ETI.getChildCount(ETI.java:82)
	at com.objectdb.o.ITL.getRowCount(ITL.java:74)
	at javax.swing.JTable.getRowCount(Unknown Source)
	at javax.swing.plaf.basic.BasicTableUI.getAdjustedLead(Unknown Source)
	at javax.swing.plaf.basic.BasicTableUI.getAdjustedLead(Unknown Source)
	at javax.swing.plaf.basic.BasicTableUI.access$100(Unknown Source)
	at javax.swing.plaf.basic.BasicTableUI$Handler.repaintLeadCell(Unknown Source)
	at javax.swing.plaf.basic.BasicTableUI$Handler.focusLost(Unknown Source)
	at java.awt.AWTEventMulticaster.focusLost(Unknown Source)
	at java.awt.Component.processFocusEvent(Unknown Source)
	at java.awt.Component.processEvent(Unknown Source)
	at java.awt.Container.processEvent(Unknown Source)
	at java.awt.Component.dispatchEventImpl(Unknown Source)
	at java.awt.Container.dispatchEventImpl(Unknown Source)
	at java.awt.Component.dispatchEvent(Unknown Source)
	at java.awt.KeyboardFocusManager.redispatchEvent(Unknown Source)
	at java.awt.DefaultKeyboardFocusManager.typeAheadAssertions(Unknown Source)
	at java.awt.DefaultKeyboardFocusManager.dispatchEvent(Unknown Source)
	at java.awt.Component.dispatchEventImpl(Unknown Source)
	at java.awt.Container.dispatchEventImpl(Unknown Source)
	at java.awt.Component.dispatchEvent(Unknown Source)
	at java.awt.EventQueue.dispatchEventImpl(Unknown Source)
	at java.awt.EventQueue.access$200(Unknown Source)
	at java.awt.EventQueue$3.run(Unknown Source)
	at java.awt.EventQueue$3.run(Unknown Source)
	at java.security.AccessController.doPrivileged(Native Method)
	at java.security.ProtectionDomain$1.doIntersectionPrivilege(Unknown Source)
	at java.security.ProtectionDomain$1.doIntersectionPrivilege(Unknown Source)
	at java.awt.EventQueue$4.run(Unknown Source)
	at java.awt.EventQueue$4.run(Unknown Source)
	at java.security.AccessController.doPrivileged(Native Method)
	at java.security.ProtectionDomain$1.doIntersectionPrivilege(Unknown Source)
	at java.awt.EventQueue.dispatchEvent(Unknown Source)
	at java.awt.SentEvent.dispatch(Unknown Source)
	at java.awt.DefaultKeyboardFocusManager$DefaultKeyboardFocusManagerSentEvent.dispatch(Unknown Source)
	at java.awt.DefaultKeyboardFocusManager.sendMessage(Unknown Source)
	at java.awt.DefaultKeyboardFocusManager.dispatchEvent(Unknown Source)
	at java.awt.Component.dispatchEventImpl(Unknown Source)
	at java.awt.Container.dispatchEventImpl(Unknown Source)
	at java.awt.Window.dispatchEventImpl(Unknown Source)
	at java.awt.Component.dispatchEvent(Unknown Source)
	at java.awt.EventQueue.dispatchEventImpl(Unknown Source)
	at java.awt.EventQueue.access$200(Unknown Source)
	at java.awt.EventQueue$3.run(Unknown Source)
	at java.awt.EventQueue$3.run(Unknown Source)
	at java.security.AccessController.doPrivileged(Native Method)
	at java.security.ProtectionDomain$1.doIntersectionPrivilege(Unknown Source)
	at java.security.ProtectionDomain$1.doIntersectionPrivilege(Unknown Source)
	at java.awt.EventQueue$4.run(Unknown Source)
	at java.awt.EventQueue$4.run(Unknown Source)
	at java.security.AccessController.doPrivileged(Native Method)
	at java.security.ProtectionDomain$1.doIntersectionPrivilege(Unknown Source)
	at java.awt.EventQueue.dispatchEvent(Unknown Source)
	at java.awt.SequencedEvent.dispatch(Unknown Source)
	at java.awt.EventQueue.dispatchEventImpl(Unknown Source)
	at java.awt.EventQueue.access$200(Unknown Source)
	at java.awt.EventQueue$3.run(Unknown Source)
	at java.awt.EventQueue$3.run(Unknown Source)
	at java.security.AccessController.doPrivileged(Native Method)
	at java.security.ProtectionDomain$1.doIntersectionPrivilege(Unknown Source)
	at java.security.ProtectionDomain$1.doIntersectionPrivilege(Unknown Source)
	at java.awt.EventQueue$4.run(Unknown Source)
	at java.awt.EventQueue$4.run(Unknown Source)
	at java.security.AccessController.doPrivileged(Native Method)
	at java.security.ProtectionDomain$1.doIntersectionPrivilege(Unknown Source)
	at java.awt.EventQueue.dispatchEvent(Unknown Source)
	at java.awt.EventDispatchThread.pumpOneEventForFilters(Unknown Source)
	at java.awt.EventDispatchThread.pumpEventsForFilter(Unknown Source)
	at java.awt.EventDispatchThread.pumpEventsForHierarchy(Unknown Source)
	at java.awt.EventDispatchThread.pumpEvents(Unknown Source)
	at java.awt.EventDispatchThread.pumpEvents(Unknown Source)
	at java.awt.EventDispatchThread.run(Unknown Source)

[2014-10-19 08:42:57 #24 *] 
java.lang.NullPointerException
	at com.objectdb.o.SFL.ae(SFL.java:873)
	at com.objectdb.o.MST.ae(MST.java:1435)
	at com.objectdb.o.MST.Vg(MST.java:1300)
	at com.objectdb.o.WRA.Vg(WRA.java:381)
	at com.objectdb.o.WSM.Vg(WSM.java:153)
	at com.objectdb.o.OBM.bQ(OBM.java:967)
	at com.objectdb.o.OBM.bN(OBM.java:840)
	at com.objectdb.o.OBM.bM(OBM.java:776)
	at com.objectdb.o.QRR.f(QRR.java:139)
	at com.objectdb.jpa.JpaQuery.getSingleResult(JpaQuery.java:747)
	at com.objectdb.o.ETI.getChildCount(ETI.java:82)
	at com.objectdb.o.ITL.getRowCount(ITL.java:74)
	at javax.swing.JTable.getRowCount(Unknown Source)
	at javax.swing.plaf.basic.BasicTableUI.createTableSize(Unknown Source)
	at javax.swing.plaf.basic.BasicTableUI.getPreferredSize(Unknown Source)
	at javax.swing.JComponent.getPreferredSize(Unknown Source)
	at javax.swing.ScrollPaneLayout.preferredLayoutSize(Unknown Source)
	at java.awt.Container.preferredSize(Unknown Source)
	at java.awt.Container.getPreferredSize(Unknown Source)
	at javax.swing.JComponent.getPreferredSize(Unknown Source)
	at java.awt.GridLayout.preferredLayoutSize(Unknown Source)
	at java.awt.Container.preferredSize(Unknown Source)
	at java.awt.Container.getPreferredSize(Unknown Source)
	at javax.swing.JComponent.getPreferredSize(Unknown Source)
	at javax.swing.ScrollPaneLayout.layoutContainer(Unknown Source)
	at java.awt.Container.layout(Unknown Source)
	at java.awt.Container.doLayout(Unknown Source)
	at java.awt.Container.validateTree(Unknown Source)
	at java.awt.Container.validateTree(Unknown Source)
	at java.awt.Container.validateTree(Unknown Source)
	at java.awt.Container.validateTree(Unknown Source)
	at java.awt.Container.validateTree(Unknown Source)
	at java.awt.Container.validateTree(Unknown Source)
	at java.awt.Container.validateTree(Unknown Source)
	at java.awt.Container.validateTree(Unknown Source)
	at java.awt.Container.validateTree(Unknown Source)
	at java.awt.Container.validateTree(Unknown Source)
	at java.awt.Container.validateTree(Unknown Source)
	at java.awt.Container.validateTree(Unknown Source)
	at java.awt.Container.validate(Unknown Source)
	at java.awt.Window.dispatchEventImpl(Unknown Source)
	at java.awt.Component.dispatchEvent(Unknown Source)
	at java.awt.EventQueue.dispatchEventImpl(Unknown Source)
	at java.awt.EventQueue.access$200(Unknown Source)
	at java.awt.EventQueue$3.run(Unknown Source)
	at java.awt.EventQueue$3.run(Unknown Source)
	at java.security.AccessController.doPrivileged(Native Method)
	at java.security.ProtectionDomain$1.doIntersectionPrivilege(Unknown Source)
	at java.security.ProtectionDomain$1.doIntersectionPrivilege(Unknown Source)
	at java.awt.EventQueue$4.run(Unknown Source)
	at java.awt.EventQueue$4.run(Unknown Source)
	at java.security.AccessController.doPrivileged(Native Method)
	at java.security.ProtectionDomain$1.doIntersectionPrivilege(Unknown Source)
	at java.awt.EventQueue.dispatchEvent(Unknown Source)
	at java.awt.EventDispatchThread.pumpOneEventForFilters(Unknown Source)
	at java.awt.EventDispatchThread.pumpEventsForFilter(Unknown Source)
	at java.awt.EventDispatchThread.pumpEventsForHierarchy(Unknown Source)
	at java.awt.EventDispatchThread.pumpEvents(Unknown Source)
	at java.awt.EventDispatchThread.pumpEvents(Unknown Source)
	at java.awt.EventDispatchThread.run(Unknown Source)

[2014-10-19 08:42:57 #25 *] 
java.lang.NullPointerException
	at com.objectdb.o.SFL.ae(SFL.java:873)
	at com.objectdb.o.MST.ae(MST.java:1435)
	at com.objectdb.o.MST.Vg(MST.java:1300)
	at com.objectdb.o.WRA.Vg(WRA.java:381)
	at com.objectdb.o.WSM.Vg(WSM.java:153)
	at com.objectdb.o.OBM.bQ(OBM.java:967)
	at com.objectdb.o.OBM.bN(OBM.java:840)
	at com.objectdb.o.OBM.bM(OBM.java:776)
	at com.objectdb.o.QRR.f(QRR.java:139)
	at com.objectdb.jpa.JpaQuery.getSingleResult(JpaQuery.java:747)
	at com.objectdb.o.ETI.getChildCount(ETI.java:82)
	at com.objectdb.o.ITL.getRowCount(ITL.java:74)
	at javax.swing.JTable.getRowCount(Unknown Source)
	at javax.swing.plaf.basic.BasicTableUI.paint(Unknown Source)
	at javax.swing.plaf.ComponentUI.update(Unknown Source)
	at javax.swing.JComponent.paintComponent(Unknown Source)
	at javax.swing.JComponent.paint(Unknown Source)
	at javax.swing.JComponent.paintChildren(Unknown Source)
	at javax.swing.JComponent.paint(Unknown Source)
	at javax.swing.JViewport.paint(Unknown Source)
	at javax.swing.JComponent.paintChildren(Unknown Source)
	at javax.swing.JComponent.paint(Unknown Source)
	at javax.swing.JComponent.paintChildren(Unknown Source)
	at javax.swing.JComponent.paint(Unknown Source)
	at javax.swing.JComponent.paintChildren(Unknown Source)
	at javax.swing.JComponent.paint(Unknown Source)
	at javax.swing.JViewport.paint(Unknown Source)
	at javax.swing.JComponent.paintChildren(Unknown Source)
	at javax.swing.JComponent.paint(Unknown Source)
	at javax.swing.JComponent.paintChildren(Unknown Source)
	at javax.swing.JComponent.paint(Unknown Source)
	at javax.swing.JComponent.paintChildren(Unknown Source)
	at javax.swing.JComponent.paint(Unknown Source)
	at javax.swing.JComponent.paintChildren(Unknown Source)
	at javax.swing.JComponent.paint(Unknown Source)
	at javax.swing.JLayeredPane.paint(Unknown Source)
	at javax.swing.JComponent.paintChildren(Unknown Source)
	at javax.swing.JComponent.paint(Unknown Source)
	at javax.swing.JComponent.paintChildren(Unknown Source)
	at javax.swing.JComponent.paint(Unknown Source)
	at javax.swing.JComponent.paintChildren(Unknown Source)
	at javax.swing.JComponent.paint(Unknown Source)
	at javax.swing.JLayeredPane.paint(Unknown Source)
	at javax.swing.JComponent.paintChildren(Unknown Source)
	at javax.swing.JSplitPane.paintChildren(Unknown Source)
	at javax.swing.JComponent.paint(Unknown Source)
	at javax.swing.JComponent.paintChildren(Unknown Source)
	at javax.swing.JComponent.paint(Unknown Source)
	at javax.swing.JComponent.paintChildren(Unknown Source)
	at javax.swing.JComponent.paint(Unknown Source)
	at javax.swing.JLayeredPane.paint(Unknown Source)
	at javax.swing.JComponent.paintChildren(Unknown Source)
	at javax.swing.JComponent.paintToOffscreen(Unknown Source)
	at javax.swing.RepaintManager$PaintManager.paintDoubleBuffered(Unknown Source)
	at javax.swing.RepaintManager$PaintManager.paint(Unknown Source)
	at javax.swing.RepaintManager.paint(Unknown Source)
	at javax.swing.JComponent.paint(Unknown Source)
	at java.awt.GraphicsCallback$PaintCallback.run(Unknown Source)
	at sun.awt.SunGraphicsCallback.runOneComponent(Unknown Source)
	at sun.awt.SunGraphicsCallback.runComponents(Unknown Source)
	at java.awt.Container.paint(Unknown Source)
	at java.awt.Window.paint(Unknown Source)
	at javax.swing.RepaintManager$3.run(Unknown Source)
	at javax.swing.RepaintManager$3.run(Unknown Source)
	at java.security.AccessController.doPrivileged(Native Method)
	at java.security.ProtectionDomain$1.doIntersectionPrivilege(Unknown Source)
	at javax.swing.RepaintManager.paintDirtyRegions(Unknown Source)
	at javax.swing.RepaintManager.paintDirtyRegions(Unknown Source)
	at javax.swing.RepaintManager.prePaintDirtyRegions(Unknown Source)
	at javax.swing.RepaintManager.access$1100(Unknown Source)
	at javax.swing.RepaintManager$ProcessingRunnable.run(Unknown Source)
	at java.awt.event.InvocationEvent.dispatch(Unknown Source)
	at java.awt.EventQueue.dispatchEventImpl(Unknown Source)
	at java.awt.EventQueue.access$200(Unknown Source)
	at java.awt.EventQueue$3.run(Unknown Source)
	at java.awt.EventQueue$3.run(Unknown Source)
	at java.security.AccessController.doPrivileged(Native Method)
	at java.security.ProtectionDomain$1.doIntersectionPrivilege(Unknown Source)
	at java.awt.EventQueue.dispatchEvent(Unknown Source)
	at java.awt.EventDispatchThread.pumpOneEventForFilters(Unknown Source)
	at java.awt.EventDispatchThread.pumpEventsForFilter(Unknown Source)
	at java.awt.EventDispatchThread.pumpEventsForHierarchy(Unknown Source)
	at java.awt.EventDispatchThread.pumpEvents(Unknown Source)
	at java.awt.EventDispatchThread.pumpEvents(Unknown Source)
	at java.awt.EventDispatchThread.run(Unknown Source)

[2014-10-19 08:42:57 #26 *] 
java.lang.NullPointerException
	at com.objectdb.o.SFL.ae(SFL.java:873)
	at com.objectdb.o.MST.ae(MST.java:1435)
	at com.objectdb.o.MST.Vg(MST.java:1300)
	at com.objectdb.o.WRA.Vg(WRA.java:381)
	at com.objectdb.o.WSM.Vg(WSM.java:153)
	at com.objectdb.o.OBM.bQ(OBM.java:967)
	at com.objectdb.o.OBM.bN(OBM.java:840)
	at com.objectdb.o.OBM.bM(OBM.java:776)
	at com.objectdb.o.QRR.f(QRR.java:139)
	at com.objectdb.jpa.JpaQuery.getSingleResult(JpaQuery.java:747)
	at com.objectdb.o.ETI.getChildCount(ETI.java:82)
	at com.objectdb.o.ITL.getRowCount(ITL.java:74)
	at javax.swing.JTable.getRowCount(Unknown Source)
	at javax.swing.plaf.basic.BasicTableUI.paint(Unknown Source)
	at javax.swing.plaf.ComponentUI.update(Unknown Source)
	at javax.swing.JComponent.paintComponent(Unknown Source)
	at javax.swing.JComponent.paint(Unknown Source)
	at javax.swing.JComponent.paintChildren(Unknown Source)
	at javax.swing.JComponent.paint(Unknown Source)
	at javax.swing.JViewport.paint(Unknown Source)
	at javax.swing.JComponent.paintChildren(Unknown Source)
	at javax.swing.JComponent.paint(Unknown Source)
	at javax.swing.JComponent.paintChildren(Unknown Source)
	at javax.swing.JComponent.paint(Unknown Source)
	at javax.swing.JComponent.paintChildren(Unknown Source)
	at javax.swing.JComponent.paint(Unknown Source)
	at javax.swing.JViewport.paint(Unknown Source)
	at javax.swing.JComponent.paintChildren(Unknown Source)
	at javax.swing.JComponent.paint(Unknown Source)
	at javax.swing.JComponent.paintChildren(Unknown Source)
	at javax.swing.JComponent.paint(Unknown Source)
	at javax.swing.JComponent.paintChildren(Unknown Source)
	at javax.swing.JComponent.paint(Unknown Source)
	at javax.swing.JComponent.paintChildren(Unknown Source)
	at javax.swing.JComponent.paint(Unknown Source)
	at javax.swing.JLayeredPane.paint(Unknown Source)
	at javax.swing.JComponent.paintChildren(Unknown Source)
	at javax.swing.JComponent.paint(Unknown Source)
	at javax.swing.JComponent.paintChildren(Unknown Source)
	at javax.swing.JComponent.paint(Unknown Source)
	at javax.swing.JComponent.paintChildren(Unknown Source)
	at javax.swing.JComponent.paint(Unknown Source)
	at javax.swing.JLayeredPane.paint(Unknown Source)
	at javax.swing.JComponent.paintChildren(Unknown Source)
	at javax.swing.JSplitPane.paintChildren(Unknown Source)
	at javax.swing.JComponent.paint(Unknown Source)
	at javax.swing.JComponent.paintChildren(Unknown Source)
	at javax.swing.JComponent.paint(Unknown Source)
	at javax.swing.JComponent.paintChildren(Unknown Source)
	at javax.swing.JComponent.paint(Unknown Source)
	at javax.swing.JLayeredPane.paint(Unknown Source)
	at javax.swing.JComponent.paintChildren(Unknown Source)
	at javax.swing.JComponent.paintToOffscreen(Unknown Source)
	at javax.swing.RepaintManager$PaintManager.paintDoubleBuffered(Unknown Source)
	at javax.swing.RepaintManager$PaintManager.paint(Unknown Source)
	at javax.swing.RepaintManager.paint(Unknown Source)
	at javax.swing.JComponent.paint(Unknown Source)
	at java.awt.GraphicsCallback$PaintCallback.run(Unknown Source)
	at sun.awt.SunGraphicsCallback.runOneComponent(Unknown Source)
	at sun.awt.SunGraphicsCallback.runComponents(Unknown Source)
	at java.awt.Container.paint(Unknown Source)
	at java.awt.Window.paint(Unknown Source)
	at javax.swing.RepaintManager$3.run(Unknown Source)
	at javax.swing.RepaintManager$3.run(Unknown Source)
	at java.security.AccessController.doPrivileged(Native Method)
	at java.security.ProtectionDomain$1.doIntersectionPrivilege(Unknown Source)
	at javax.swing.RepaintManager.paintDirtyRegions(Unknown Source)
	at javax.swing.RepaintManager.paintDirtyRegions(Unknown Source)
	at javax.swing.RepaintManager.prePaintDirtyRegions(Unknown Source)
	at javax.swing.RepaintManager.access$1100(Unknown Source)
	at javax.swing.RepaintManager$ProcessingRunnable.run(Unknown Source)
	at java.awt.event.InvocationEvent.dispatch(Unknown Source)
	at java.awt.EventQueue.dispatchEventImpl(Unknown Source)
	at java.awt.EventQueue.access$200(Unknown Source)
	at java.awt.EventQueue$3.run(Unknown Source)
	at java.awt.EventQueue$3.run(Unknown Source)
	at java.security.AccessController.doPrivileged(Native Method)
	at java.security.ProtectionDomain$1.doIntersectionPrivilege(Unknown Source)
	at java.awt.EventQueue.dispatchEvent(Unknown Source)
	at java.awt.EventDispatchThread.pumpOneEventForFilters(Unknown Source)
	at java.awt.EventDispatchThread.pumpEventsForFilter(Unknown Source)
	at java.awt.EventDispatchThread.pumpEventsForHierarchy(Unknown Source)
	at java.awt.EventDispatchThread.pumpEvents(Unknown Source)
	at java.awt.EventDispatchThread.pumpEvents(Unknown Source)
	at java.awt.EventDispatchThread.run(Unknown Source)

[2014-10-19 08:42:59 #27 *] 
java.lang.NullPointerException
	at com.objectdb.o.SFL.ae(SFL.java:873)
	at com.objectdb.o.MST.ae(MST.java:1435)
	at com.objectdb.o.MST.Vg(MST.java:1300)
	at com.objectdb.o.WRA.Vg(WRA.java:381)
	at com.objectdb.o.WSM.Vg(WSM.java:153)
	at com.objectdb.o.OBM.bQ(OBM.java:967)
	at com.objectdb.o.OBM.bN(OBM.java:840)
	at com.objectdb.o.OBM.bM(OBM.java:776)
	at com.objectdb.o.QRR.f(QRR.java:139)
	at com.objectdb.jpa.JpaQuery.getSingleResult(JpaQuery.java:747)
	at com.objectdb.o.ETI.getChildCount(ETI.java:82)
	at com.objectdb.o.ITL.getRowCount(ITL.java:74)
	at javax.swing.JTable.getRowCount(Unknown Source)
	at javax.swing.plaf.basic.BasicTableUI.paint(Unknown Source)
	at javax.swing.plaf.ComponentUI.update(Unknown Source)
	at javax.swing.JComponent.paintComponent(Unknown Source)
	at javax.swing.JComponent.paint(Unknown Source)
	at javax.swing.JComponent.paintChildren(Unknown Source)
	at javax.swing.JComponent.paint(Unknown Source)
	at javax.swing.JViewport.paint(Unknown Source)
	at javax.swing.JComponent.paintChildren(Unknown Source)
	at javax.swing.JComponent.paint(Unknown Source)
	at javax.swing.JComponent.paintChildren(Unknown Source)
	at javax.swing.JComponent.paint(Unknown Source)
	at javax.swing.JComponent.paintChildren(Unknown Source)
	at javax.swing.JComponent.paint(Unknown Source)
	at javax.swing.JViewport.paint(Unknown Source)
	at javax.swing.JComponent.paintChildren(Unknown Source)
	at javax.swing.JComponent.paint(Unknown Source)
	at javax.swing.JComponent.paintChildren(Unknown Source)
	at javax.swing.JComponent.paint(Unknown Source)
	at javax.swing.JComponent.paintChildren(Unknown Source)
	at javax.swing.JComponent.paint(Unknown Source)
	at javax.swing.JComponent.paintChildren(Unknown Source)
	at javax.swing.JComponent.paint(Unknown Source)
	at javax.swing.JLayeredPane.paint(Unknown Source)
	at javax.swing.JComponent.paintChildren(Unknown Source)
	at javax.swing.JComponent.paint(Unknown Source)
	at javax.swing.JComponent.paintChildren(Unknown Source)
	at javax.swing.JComponent.paint(Unknown Source)
	at javax.swing.JComponent.paintChildren(Unknown Source)
	at javax.swing.JComponent.paint(Unknown Source)
	at javax.swing.JLayeredPane.paint(Unknown Source)
	at javax.swing.JComponent.paintChildren(Unknown Source)
	at javax.swing.JSplitPane.paintChildren(Unknown Source)
	at javax.swing.JComponent.paint(Unknown Source)
	at javax.swing.JComponent.paintChildren(Unknown Source)
	at javax.swing.JComponent.paint(Unknown Source)
	at javax.swing.JComponent.paintChildren(Unknown Source)
	at javax.swing.JComponent.paint(Unknown Source)
	at javax.swing.JLayeredPane.paint(Unknown Source)
	at javax.swing.JComponent.paintChildren(Unknown Source)
	at javax.swing.JComponent.paintToOffscreen(Unknown Source)
	at javax.swing.RepaintManager$PaintManager.paintDoubleBuffered(Unknown Source)
	at javax.swing.RepaintManager$PaintManager.paint(Unknown Source)
	at javax.swing.RepaintManager.paint(Unknown Source)
	at javax.swing.JComponent.paint(Unknown Source)
	at java.awt.GraphicsCallback$PaintCallback.run(Unknown Source)
	at sun.awt.SunGraphicsCallback.runOneComponent(Unknown Source)
	at sun.awt.SunGraphicsCallback.runComponents(Unknown Source)
	at java.awt.Container.paint(Unknown Source)
	at java.awt.Window.paint(Unknown Source)
	at javax.swing.RepaintManager$3.run(Unknown Source)
	at javax.swing.RepaintManager$3.run(Unknown Source)
	at java.security.AccessController.doPrivileged(Native Method)
	at java.security.ProtectionDomain$1.doIntersectionPrivilege(Unknown Source)
	at javax.swing.RepaintManager.paintDirtyRegions(Unknown Source)
	at javax.swing.RepaintManager.paintDirtyRegions(Unknown Source)
	at javax.swing.RepaintManager.prePaintDirtyRegions(Unknown Source)
	at javax.swing.RepaintManager.access$1100(Unknown Source)
	at javax.swing.RepaintManager$ProcessingRunnable.run(Unknown Source)
	at java.awt.event.InvocationEvent.dispatch(Unknown Source)
	at java.awt.EventQueue.dispatchEventImpl(Unknown Source)
	at java.awt.EventQueue.access$200(Unknown Source)
	at java.awt.EventQueue$3.run(Unknown Source)
	at java.awt.EventQueue$3.run(Unknown Source)
	at java.security.AccessController.doPrivileged(Native Method)
	at java.security.ProtectionDomain$1.doIntersectionPrivilege(Unknown Source)
	at java.awt.EventQueue.dispatchEvent(Unknown Source)
	at java.awt.EventDispatchThread.pumpOneEventForFilters(Unknown Source)
	at java.awt.EventDispatchThread.pumpEventsForFilter(Unknown Source)
	at java.awt.EventDispatchThread.pumpEventsForHierarchy(Unknown Source)
	at java.awt.EventDispatchThread.pumpEvents(Unknown Source)
	at java.awt.EventDispatchThread.pumpEvents(Unknown Source)
	at java.awt.EventDispatchThread.run(Unknown Source)

[2014-10-19 08:42:59 #28 *] 
java.lang.NullPointerException
	at com.objectdb.o.SFL.ae(SFL.java:873)
	at com.objectdb.o.MST.ae(MST.java:1435)
	at com.objectdb.o.MST.Vg(MST.java:1300)
	at com.objectdb.o.WRA.Vg(WRA.java:381)
	at com.objectdb.o.WSM.Vg(WSM.java:153)
	at com.objectdb.o.OBM.bQ(OBM.java:967)
	at com.objectdb.o.OBM.bN(OBM.java:840)
	at com.objectdb.o.OBM.bM(OBM.java:776)
	at com.objectdb.o.QRR.f(QRR.java:139)
	at com.objectdb.jpa.JpaQuery.getSingleResult(JpaQuery.java:747)
	at com.objectdb.o.ETI.getChildCount(ETI.java:82)
	at com.objectdb.o.ITL.getRowCount(ITL.java:74)
	at javax.swing.JTable.getRowCount(Unknown Source)
	at javax.swing.plaf.basic.BasicTableUI.paint(Unknown Source)
	at javax.swing.plaf.ComponentUI.update(Unknown Source)
	at javax.swing.JComponent.paintComponent(Unknown Source)
	at javax.swing.JComponent.paint(Unknown Source)
	at javax.swing.JComponent.paintChildren(Unknown Source)
	at javax.swing.JComponent.paint(Unknown Source)
	at javax.swing.JViewport.paint(Unknown Source)
	at javax.swing.JComponent.paintChildren(Unknown Source)
	at javax.swing.JComponent.paint(Unknown Source)
	at javax.swing.JComponent.paintChildren(Unknown Source)
	at javax.swing.JComponent.paint(Unknown Source)
	at javax.swing.JComponent.paintChildren(Unknown Source)
	at javax.swing.JComponent.paint(Unknown Source)
	at javax.swing.JViewport.paint(Unknown Source)
	at javax.swing.JComponent.paintChildren(Unknown Source)
	at javax.swing.JComponent.paint(Unknown Source)
	at javax.swing.JComponent.paintChildren(Unknown Source)
	at javax.swing.JComponent.paint(Unknown Source)
	at javax.swing.JComponent.paintChildren(Unknown Source)
	at javax.swing.JComponent.paint(Unknown Source)
	at javax.swing.JComponent.paintChildren(Unknown Source)
	at javax.swing.JComponent.paint(Unknown Source)
	at javax.swing.JLayeredPane.paint(Unknown Source)
	at javax.swing.JComponent.paintChildren(Unknown Source)
	at javax.swing.JComponent.paint(Unknown Source)
	at javax.swing.JComponent.paintChildren(Unknown Source)
	at javax.swing.JComponent.paint(Unknown Source)
	at javax.swing.JComponent.paintChildren(Unknown Source)
	at javax.swing.JComponent.paint(Unknown Source)
	at javax.swing.JLayeredPane.paint(Unknown Source)
	at javax.swing.JComponent.paintChildren(Unknown Source)
	at javax.swing.JSplitPane.paintChildren(Unknown Source)
	at javax.swing.JComponent.paint(Unknown Source)
	at javax.swing.JComponent.paintChildren(Unknown Source)
	at javax.swing.JComponent.paint(Unknown Source)
	at javax.swing.JComponent.paintChildren(Unknown Source)
	at javax.swing.JComponent.paint(Unknown Source)
	at javax.swing.JLayeredPane.paint(Unknown Source)
	at javax.swing.JComponent.paintChildren(Unknown Source)
	at javax.swing.JComponent.paintToOffscreen(Unknown Source)
	at javax.swing.RepaintManager$PaintManager.paintDoubleBuffered(Unknown Source)
	at javax.swing.RepaintManager$PaintManager.paint(Unknown Source)
	at javax.swing.RepaintManager.paint(Unknown Source)
	at javax.swing.JComponent.paint(Unknown Source)
	at java.awt.GraphicsCallback$PaintCallback.run(Unknown Source)
	at sun.awt.SunGraphicsCallback.runOneComponent(Unknown Source)
	at sun.awt.SunGraphicsCallback.runComponents(Unknown Source)
	at java.awt.Container.paint(Unknown Source)
	at java.awt.Window.paint(Unknown Source)
	at javax.swing.RepaintManager$3.run(Unknown Source)
	at javax.swing.RepaintManager$3.run(Unknown Source)
	at java.security.AccessController.doPrivileged(Native Method)
	at java.security.ProtectionDomain$1.doIntersectionPrivilege(Unknown Source)
	at javax.swing.RepaintManager.paintDirtyRegions(Unknown Source)
	at javax.swing.RepaintManager.paintDirtyRegions(Unknown Source)
	at javax.swing.RepaintManager.prePaintDirtyRegions(Unknown Source)
	at javax.swing.RepaintManager.access$1100(Unknown Source)
	at javax.swing.RepaintManager$ProcessingRunnable.run(Unknown Source)
	at java.awt.event.InvocationEvent.dispatch(Unknown Source)
	at java.awt.EventQueue.dispatchEventImpl(Unknown Source)
	at java.awt.EventQueue.access$200(Unknown Source)
	at java.awt.EventQueue$3.run(Unknown Source)
	at java.awt.EventQueue$3.run(Unknown Source)
	at java.security.AccessController.doPrivileged(Native Method)
	at java.security.ProtectionDomain$1.doIntersectionPrivilege(Unknown Source)
	at java.awt.EventQueue.dispatchEvent(Unknown Source)
	at java.awt.EventDispatchThread.pumpOneEventForFilters(Unknown Source)
	at java.awt.EventDispatchThread.pumpEventsForFilter(Unknown Source)
	at java.awt.EventDispatchThread.pumpEventsForHierarchy(Unknown Source)
	at java.awt.EventDispatchThread.pumpEvents(Unknown Source)
	at java.awt.EventDispatchThread.pumpEvents(Unknown Source)
	at java.awt.EventDispatchThread.run(Unknown Source)

------------------------------------------------------------------------------------------------------------------------

[2014-10-19 08:46:03 #1 store] 
Database 'D:\projects\Ahorro\SAMMS\projects\SAMMS_MIG_REPOSITORIO\Proyectos_Auxiliares\SAMMS_ControlM\data\controlm.odb' is opened by 6204@jmpicadow7

