------------------------------------------------------------------------------------------------------------------------

[2014-09-27 10:40:37 #1 store] 
Database 'D:\projects\Ahorro\SAMMS\projects\SAMMS_MIG_REPOSITORIO\Proyectos_Auxiliares\SAMMS_ControlM\doc\objectdb-2.5.6_05\objectdb-2.5.6_05\db\points.odb' is opened by 10804@jmpicadow7

[2014-09-27 10:41:12 #2 type.registry] 
New type tutorial.Point

[2014-09-27 10:41:12 #3 type] 
Type tutorial.Point is not enhanced.

[2014-09-27 10:41:51 #4 store] 
Database 'D:\projects\Ahorro\SAMMS\projects\SAMMS_MIG_REPOSITORIO\Proyectos_Auxiliares\SAMMS_ControlM\doc\objectdb-2.5.6_05\objectdb-2.5.6_05\db\points.odb' is closed by 10804@jmpicadow7

------------------------------------------------------------------------------------------------------------------------

[2014-09-27 11:34:30 #1 store] 
Database 'D:\projects\Ahorro\SAMMS\projects\SAMMS_MIG_REPOSITORIO\Proyectos_Auxiliares\SAMMS_ControlM\doc\objectdb-2.5.6_05\objectdb-2.5.6_05\db\points.odb' is opened by 6740@jmpicadow7

[2014-09-27 11:34:30 #2 type] 
Type tutorial.Point is not enhanced.

------------------------------------------------------------------------------------------------------------------------

[2014-09-27 11:38:32 #1 store] 
Database 'D:\projects\Ahorro\SAMMS\projects\SAMMS_MIG_REPOSITORIO\Proyectos_Auxiliares\SAMMS_ControlM\doc\objectdb-2.5.6_05\objectdb-2.5.6_05\db\points.odb' is opened by 11280@jmpicadow7

[2014-09-27 11:38:35 #2 type.registry] 
New type tutorial.Jobs

[2014-09-27 11:38:35 #3 type] 
Type tutorial.Jobs is not enhanced.

------------------------------------------------------------------------------------------------------------------------

[2014-09-27 11:38:49 #1 store] 
Database 'D:\projects\Ahorro\SAMMS\projects\SAMMS_MIG_REPOSITORIO\Proyectos_Auxiliares\SAMMS_ControlM\doc\objectdb-2.5.6_05\objectdb-2.5.6_05\db\points.odb' has been recovered (tr. 1-4)

[2014-09-27 11:38:49 #2 store] 
Database 'D:\projects\Ahorro\SAMMS\projects\SAMMS_MIG_REPOSITORIO\Proyectos_Auxiliares\SAMMS_ControlM\doc\objectdb-2.5.6_05\objectdb-2.5.6_05\db\points.odb' is opened by 6076@jmpicadow7

[2014-09-27 11:38:49 #3 type] 
Type tutorial.Jobs is not enhanced.

------------------------------------------------------------------------------------------------------------------------

[2014-09-27 11:39:35 #1 store] 
Database 'D:\projects\Ahorro\SAMMS\projects\SAMMS_MIG_REPOSITORIO\Proyectos_Auxiliares\SAMMS_ControlM\doc\objectdb-2.5.6_05\objectdb-2.5.6_05\db\points.odb' is opened by 1492@jmpicadow7

[2014-09-27 11:40:05 #2 store] 
Database 'D:\projects\Ahorro\SAMMS\projects\SAMMS_MIG_REPOSITORIO\Proyectos_Auxiliares\SAMMS_ControlM\doc\objectdb-2.5.6_05\objectdb-2.5.6_05\db\points.odb' is closed by 1492@jmpicadow7

------------------------------------------------------------------------------------------------------------------------

[2014-09-27 12:43:42 #1 store] 
Database 'D:\projects\Ahorro\SAMMS\projects\SAMMS_MIG_REPOSITORIO\Proyectos_Auxiliares\SAMMS_ControlM\doc\objectdb-2.5.6_05\objectdb-2.5.6_05\db\points.odb' is opened by 8724@jmpicadow7

[2014-09-27 12:48:50 #2 store] 
Database 'D:\projects\Ahorro\SAMMS\projects\SAMMS_MIG_REPOSITORIO\Proyectos_Auxiliares\SAMMS_ControlM\doc\objectdb-2.5.6_05\objectdb-2.5.6_05\db\points.odb' is closed by 8724@jmpicadow7

------------------------------------------------------------------------------------------------------------------------

[2014-09-27 12:48:55 #1 store] 
Database 'D:\projects\Ahorro\SAMMS\projects\SAMMS_MIG_REPOSITORIO\Proyectos_Auxiliares\SAMMS_ControlM\doc\objectdb-2.5.6_05\objectdb-2.5.6_05\db\points.odb' is opened by 9208@jmpicadow7

[2014-09-27 12:48:56 #2 type] 
Type tutorial.Jobs is not enhanced.

[2014-09-27 12:49:20 #3 store] 
Database 'D:\projects\Ahorro\SAMMS\projects\SAMMS_MIG_REPOSITORIO\Proyectos_Auxiliares\SAMMS_ControlM\doc\objectdb-2.5.6_05\objectdb-2.5.6_05\db\points.odb' is closed by 9208@jmpicadow7

------------------------------------------------------------------------------------------------------------------------

[2014-09-27 12:49:32 #1 store] 
Database 'D:\projects\Ahorro\SAMMS\projects\SAMMS_MIG_REPOSITORIO\Proyectos_Auxiliares\SAMMS_ControlM\doc\objectdb-2.5.6_05\objectdb-2.5.6_05\db\points.odb' is opened by 4468@jmpicadow7

[2014-09-27 12:51:43 #2 store] 
Database 'D:\projects\Ahorro\SAMMS\projects\SAMMS_MIG_REPOSITORIO\Proyectos_Auxiliares\SAMMS_ControlM\doc\objectdb-2.5.6_05\objectdb-2.5.6_05\db\points.odb' is closed by 4468@jmpicadow7

------------------------------------------------------------------------------------------------------------------------

[2014-09-27 12:54:48 #1 store] 
Database 'D:\projects\Ahorro\SAMMS\projects\SAMMS_MIG_REPOSITORIO\Proyectos_Auxiliares\SAMMS_ControlM\doc\objectdb-2.5.6_05\objectdb-2.5.6_05\db\points.odb' is opened by 5524@jmpicadow7

[2014-09-27 12:54:49 #2 type] 
Type tutorial.Jobs is not enhanced.

[2014-09-27 12:54:51 #3 store] 
Database 'D:\projects\Ahorro\SAMMS\projects\SAMMS_MIG_REPOSITORIO\Proyectos_Auxiliares\SAMMS_ControlM\doc\objectdb-2.5.6_05\objectdb-2.5.6_05\db\points.odb' is closed by 5524@jmpicadow7

------------------------------------------------------------------------------------------------------------------------

[2014-09-27 12:56:21 #1 store] 
Database 'D:\projects\Ahorro\SAMMS\projects\SAMMS_MIG_REPOSITORIO\Proyectos_Auxiliares\SAMMS_ControlM\data\controlm.odb' is opened by 4580@jmpicadow7

[2014-09-27 12:56:21 #2 store] 
Database 'D:\projects\Ahorro\SAMMS\projects\SAMMS_MIG_REPOSITORIO\Proyectos_Auxiliares\SAMMS_ControlM\data\controlm.odb' is closed by 4580@jmpicadow7

------------------------------------------------------------------------------------------------------------------------

[2014-09-27 12:56:55 #1 store] 
Database 'D:\projects\Ahorro\SAMMS\projects\SAMMS_MIG_REPOSITORIO\Proyectos_Auxiliares\SAMMS_ControlM\data\controlm.odb' is opened by 10008@jmpicadow7

[2014-09-27 12:57:06 #2 store] 
Database 'D:\projects\Ahorro\SAMMS\projects\SAMMS_MIG_REPOSITORIO\Proyectos_Auxiliares\SAMMS_ControlM\data\controlm.odb' is closed by 10008@jmpicadow7

------------------------------------------------------------------------------------------------------------------------

[2014-09-27 12:57:36 #1 store] 
Database 'D:\projects\Ahorro\SAMMS\projects\SAMMS_MIG_REPOSITORIO\Proyectos_Auxiliares\SAMMS_ControlM\data\controlm.odb' is opened by 9480@jmpicadow7

[2014-09-27 12:57:40 #2 type.registry] 
New type tutorial.Jobs

[2014-09-27 12:57:40 #3 type] 
Type tutorial.Jobs is not enhanced.

[2014-09-27 12:57:49 #4 store] 
Database 'D:\projects\Ahorro\SAMMS\projects\SAMMS_MIG_REPOSITORIO\Proyectos_Auxiliares\SAMMS_ControlM\data\controlm.odb' is closed by 9480@jmpicadow7

