------------------------------------------------------------------------------------------------------------------------

[2014-10-01 09:26:52 #1 store] 
Database 'D:\projects\Ahorro\SAMMS\projects\SAMMS_MIG_REPOSITORIO\Proyectos_Auxiliares\SAMMS_ControlM\data\controlm.odb' has been recovered (tr. 20-20)

[2014-10-01 09:26:52 #2 store] 
Database 'D:\projects\Ahorro\SAMMS\projects\SAMMS_MIG_REPOSITORIO\Proyectos_Auxiliares\SAMMS_ControlM\data\controlm.odb' is opened by 14232@jmpicadow7

[2014-10-01 09:27:42 #3 store] 
Database 'D:\projects\Ahorro\SAMMS\projects\SAMMS_MIG_REPOSITORIO\Proyectos_Auxiliares\SAMMS_ControlM\data\controlm.odb' is closed by 14232@jmpicadow7

------------------------------------------------------------------------------------------------------------------------

[2014-10-01 09:29:33 #1 store] 
Database 'D:\projects\Ahorro\SAMMS\projects\SAMMS_MIG_REPOSITORIO\Proyectos_Auxiliares\SAMMS_ControlM\data\controlm.odb' is opened by 13316@jmpicadow7

[2014-10-01 09:30:10 #2 store] 
Database 'D:\projects\Ahorro\SAMMS\projects\SAMMS_MIG_REPOSITORIO\Proyectos_Auxiliares\SAMMS_ControlM\data\controlm.odb' is closed by 13316@jmpicadow7

------------------------------------------------------------------------------------------------------------------------

[2014-10-01 09:31:37 #1 store] 
Database 'D:\projects\Ahorro\SAMMS\projects\SAMMS_MIG_REPOSITORIO\Proyectos_Auxiliares\SAMMS_ControlM\data\controlm.odb' has been recovered (tr. 1-5)

[2014-10-01 09:31:37 #2 store] 
Database 'D:\projects\Ahorro\SAMMS\projects\SAMMS_MIG_REPOSITORIO\Proyectos_Auxiliares\SAMMS_ControlM\data\controlm.odb' is opened by 10272@jmpicadow7

[2014-10-01 09:31:51 #3 store] 
Database 'D:\projects\Ahorro\SAMMS\projects\SAMMS_MIG_REPOSITORIO\Proyectos_Auxiliares\SAMMS_ControlM\data\controlm.odb' is closed by 10272@jmpicadow7

------------------------------------------------------------------------------------------------------------------------

[2014-10-01 16:47:57 #1 store] 
Database 'D:\projects\Ahorro\SAMMS\projects\SAMMS_MIG_REPOSITORIO\Proyectos_Auxiliares\SAMMS_ControlM\data\controlm.odb' has been recovered (tr. 3-4)

[2014-10-01 16:47:58 #2 store] 
Database 'D:\projects\Ahorro\SAMMS\projects\SAMMS_MIG_REPOSITORIO\Proyectos_Auxiliares\SAMMS_ControlM\data\controlm.odb' is opened by 14252@jmpicadow7

[2014-10-01 16:51:43 #3 store] 
Database 'D:\projects\Ahorro\SAMMS\projects\SAMMS_MIG_REPOSITORIO\Proyectos_Auxiliares\SAMMS_ControlM\data\controlm.odb' is closed by 14252@jmpicadow7

