------------------------------------------------------------------------------------------------------------------------

[2014-09-28 07:43:14 #1 store] 
Database 'D:\projects\Ahorro\SAMMS\projects\SAMMS_MIG_REPOSITORIO\Proyectos_Auxiliares\SAMMS_ControlM\data\controlm.odb' has been recovered (tr. 3-3)

[2014-09-28 07:43:14 #2 store] 
Database 'D:\projects\Ahorro\SAMMS\projects\SAMMS_MIG_REPOSITORIO\Proyectos_Auxiliares\SAMMS_ControlM\data\controlm.odb' is opened by 10048@jmpicadow7

[2014-09-28 07:43:28 #3 store] 
Database 'D:\projects\Ahorro\SAMMS\projects\SAMMS_MIG_REPOSITORIO\Proyectos_Auxiliares\SAMMS_ControlM\data\controlm.odb' is closed by 10048@jmpicadow7

------------------------------------------------------------------------------------------------------------------------

[2014-09-28 08:11:58 #1 store] 
Database 'D:\projects\Ahorro\SAMMS\projects\SAMMS_MIG_REPOSITORIO\Proyectos_Auxiliares\SAMMS_ControlM\data\controlm.odb' has been recovered (tr. 6-6)

[2014-09-28 08:11:58 #2 store] 
Database 'D:\projects\Ahorro\SAMMS\projects\SAMMS_MIG_REPOSITORIO\Proyectos_Auxiliares\SAMMS_ControlM\data\controlm.odb' is opened by 10728@jmpicadow7

[2014-09-28 08:12:39 #3 store] 
Database 'D:\projects\Ahorro\SAMMS\projects\SAMMS_MIG_REPOSITORIO\Proyectos_Auxiliares\SAMMS_ControlM\data\controlm.odb' is closed by 10728@jmpicadow7

------------------------------------------------------------------------------------------------------------------------

[2014-09-28 08:14:47 #1 store] 
Database 'D:\projects\Ahorro\SAMMS\projects\SAMMS_MIG_REPOSITORIO\Proyectos_Auxiliares\SAMMS_ControlM\data\controlm.odb' has been recovered (tr. 1-4)

[2014-09-28 08:14:47 #2 store] 
Database 'D:\projects\Ahorro\SAMMS\projects\SAMMS_MIG_REPOSITORIO\Proyectos_Auxiliares\SAMMS_ControlM\data\controlm.odb' is opened by 7016@jmpicadow7

[2014-09-28 08:15:34 #3 store] 
Database 'D:\projects\Ahorro\SAMMS\projects\SAMMS_MIG_REPOSITORIO\Proyectos_Auxiliares\SAMMS_ControlM\data\controlm.odb' is closed by 7016@jmpicadow7

------------------------------------------------------------------------------------------------------------------------

[2014-09-28 08:17:42 #1 store] 
Database 'D:\projects\Ahorro\SAMMS\projects\SAMMS_MIG_REPOSITORIO\Proyectos_Auxiliares\SAMMS_ControlM\data\controlm.odb' has been recovered (tr. 6-6)

[2014-09-28 08:17:42 #2 store] 
Database 'D:\projects\Ahorro\SAMMS\projects\SAMMS_MIG_REPOSITORIO\Proyectos_Auxiliares\SAMMS_ControlM\data\controlm.odb' is opened by 4896@jmpicadow7

[2014-09-28 08:17:51 #3 store] 
Database 'D:\projects\Ahorro\SAMMS\projects\SAMMS_MIG_REPOSITORIO\Proyectos_Auxiliares\SAMMS_ControlM\data\controlm.odb' is closed by 4896@jmpicadow7

------------------------------------------------------------------------------------------------------------------------

[2014-09-28 08:36:54 #1 store] 
Database 'D:\projects\Ahorro\SAMMS\projects\SAMMS_MIG_REPOSITORIO\Proyectos_Auxiliares\SAMMS_ControlM\data\controlm.odb' has been recovered (tr. 1-5)

[2014-09-28 08:36:54 #2 store] 
Database 'D:\projects\Ahorro\SAMMS\projects\SAMMS_MIG_REPOSITORIO\Proyectos_Auxiliares\SAMMS_ControlM\data\controlm.odb' is opened by 12236@jmpicadow7

[2014-09-28 08:37:42 #3 store] 
Database 'D:\projects\Ahorro\SAMMS\projects\SAMMS_MIG_REPOSITORIO\Proyectos_Auxiliares\SAMMS_ControlM\data\controlm.odb' is closed by 12236@jmpicadow7

------------------------------------------------------------------------------------------------------------------------

[2014-09-28 08:40:39 #1 store] 
Database 'D:\projects\Ahorro\SAMMS\projects\SAMMS_MIG_REPOSITORIO\Proyectos_Auxiliares\SAMMS_ControlM\data\controlm.odb' has been recovered (tr. 1-5)

[2014-09-28 08:40:39 #2 store] 
Database 'D:\projects\Ahorro\SAMMS\projects\SAMMS_MIG_REPOSITORIO\Proyectos_Auxiliares\SAMMS_ControlM\data\controlm.odb' is opened by 11492@jmpicadow7

[2014-09-28 08:40:45 #3 store] 
Database 'D:\projects\Ahorro\SAMMS\projects\SAMMS_MIG_REPOSITORIO\Proyectos_Auxiliares\SAMMS_ControlM\data\controlm.odb' is closed by 11492@jmpicadow7

